TpTrace Verbose: 0 : 9232, 1, 2024/11/04, 17:36:04.116, 6197815933956, vstest.console.dll, Version: 17.11.1-release-24455-02 Current process architecture: X64
TpTrace Verbose: 0 : 9232, 1, 2024/11/04, 17:36:04.119, 6197815960329, vstest.console.dll, Runtime location: C:\Program Files\dotnet\shared\Microsoft.NETCore.App\8.0.10
TpTrace Verbose: 0 : 9232, 1, 2024/11/04, 17:36:04.123, 6197815998466, vstest.console.dll, ArtifactProcessingPostProcessModeProcessorExecutor.Initialize: ArtifactProcessingMode.Collect
TpTrace Verbose: 0 : 9232, 1, 2024/11/04, 17:36:04.123, 6197815999536, vstest.console.dll, TestSessionCorrelationIdProcessorModeProcessorExecutor.Initialize: TestSessionCorrelationId '34616_a0d492a3-44e6-4410-a86f-b6f0c50d8bb6'
TpTrace Information: 0 : 9232, 1, 2024/11/04, 17:36:04.134, 6197816111791, vstest.console.dll, FilePatternParser: The given file C:\Users\rohit.laishram.PYRAMIDINDIA\Documents\ApiProject\ReimbursementTrackingApplication\ReimbursementProjectTest\bin\Debug\net6.0\fine-code-coverage\build-output\ReimbursementProjectTest.dll is a full path.
TpTrace Verbose: 0 : 9232, 1, 2024/11/04, 17:36:04.143, 6197816195487, vstest.console.dll, TestPluginCache.DiscoverTestExtensions: finding test extensions in assemblies ends with: RuntimeProvider.dll TPluginInfo: Microsoft.VisualStudio.TestPlatform.Common.ExtensionFramework.Utilities.TestRuntimePluginInformation TExtension: Microsoft.VisualStudio.TestPlatform.ObjectModel.Host.ITestRuntimeProvider
TpTrace Verbose: 0 : 9232, 1, 2024/11/04, 17:36:04.143, 6197816199788, vstest.console.dll, TestPluginCache.GetExtensionPaths: Filtered extension paths: 
TpTrace Verbose: 0 : 9232, 1, 2024/11/04, 17:36:04.143, 6197816200654, vstest.console.dll, TestPluginCache.GetExtensionPaths: Added default extension paths: C:\Program Files\dotnet\sdk\8.0.403\Extensions\Microsoft.Diagnostics.NETCore.Client.dll
C:\Program Files\dotnet\sdk\8.0.403\Extensions\Microsoft.TestPlatform.Extensions.BlameDataCollector.dll
C:\Program Files\dotnet\sdk\8.0.403\Extensions\Microsoft.TestPlatform.Extensions.EventLogCollector.dll
C:\Program Files\dotnet\sdk\8.0.403\Extensions\Microsoft.TestPlatform.TestHostRuntimeProvider.dll
C:\Program Files\dotnet\sdk\8.0.403\Extensions\Microsoft.VisualStudio.TestPlatform.Extensions.Html.TestLogger.dll
C:\Program Files\dotnet\sdk\8.0.403\Extensions\Microsoft.VisualStudio.TestPlatform.Extensions.Trx.TestLogger.dll
TpTrace Verbose: 0 : 9232, 1, 2024/11/04, 17:36:04.143, 6197816200956, vstest.console.dll, TestPluginCache.GetExtensionPaths: Added unfilterableExtensionPaths: 
TpTrace Information: 0 : 9232, 1, 2024/11/04, 17:36:04.143, 6197816204558, vstest.console.dll, AssemblyResolver.ctor: Creating AssemblyResolver with searchDirectories C:\Program Files\dotnet\sdk\8.0.403\Extensions,C:\Program Files\dotnet\sdk\8.0.403
TpTrace Verbose: 0 : 9232, 1, 2024/11/04, 17:36:04.147, 6197816242374, vstest.console.dll, TestPluginCache.DiscoverTestExtensions: Discovering the extensions using extension path.
TpTrace Verbose: 0 : 9232, 1, 2024/11/04, 17:36:04.147, 6197816243634, vstest.console.dll, TestPluginCache.GetExtensionPaths: Filtered extension paths: 
TpTrace Verbose: 0 : 9232, 1, 2024/11/04, 17:36:04.147, 6197816244068, vstest.console.dll, TestPluginCache.GetExtensionPaths: Added default extension paths: C:\Program Files\dotnet\sdk\8.0.403\Extensions\Microsoft.Diagnostics.NETCore.Client.dll
C:\Program Files\dotnet\sdk\8.0.403\Extensions\Microsoft.TestPlatform.Extensions.BlameDataCollector.dll
C:\Program Files\dotnet\sdk\8.0.403\Extensions\Microsoft.TestPlatform.Extensions.EventLogCollector.dll
C:\Program Files\dotnet\sdk\8.0.403\Extensions\Microsoft.TestPlatform.TestHostRuntimeProvider.dll
C:\Program Files\dotnet\sdk\8.0.403\Extensions\Microsoft.VisualStudio.TestPlatform.Extensions.Html.TestLogger.dll
C:\Program Files\dotnet\sdk\8.0.403\Extensions\Microsoft.VisualStudio.TestPlatform.Extensions.Trx.TestLogger.dll
TpTrace Verbose: 0 : 9232, 1, 2024/11/04, 17:36:04.147, 6197816244346, vstest.console.dll, TestPluginCache.GetExtensionPaths: Added unfilterableExtensionPaths: 
TpTrace Verbose: 0 : 9232, 1, 2024/11/04, 17:36:04.148, 6197816247829, vstest.console.dll, TestPluginCache.DiscoverTestExtensions: Discovering the extensions using allExtensionPaths: C:\Program Files\dotnet\sdk\8.0.403\Extensions\Microsoft.Diagnostics.NETCore.Client.dll
C:\Program Files\dotnet\sdk\8.0.403\Extensions\Microsoft.TestPlatform.Extensions.BlameDataCollector.dll
C:\Program Files\dotnet\sdk\8.0.403\Extensions\Microsoft.TestPlatform.Extensions.EventLogCollector.dll
C:\Program Files\dotnet\sdk\8.0.403\Extensions\Microsoft.TestPlatform.TestHostRuntimeProvider.dll
C:\Program Files\dotnet\sdk\8.0.403\Extensions\Microsoft.VisualStudio.TestPlatform.Extensions.Html.TestLogger.dll
C:\Program Files\dotnet\sdk\8.0.403\Extensions\Microsoft.VisualStudio.TestPlatform.Extensions.Trx.TestLogger.dll
TpTrace Information: 0 : 9232, 1, 2024/11/04, 17:36:04.148, 6197816250969, vstest.console.dll, AssemblyResolver.AddSearchDirectories: Adding more searchDirectories C:\Program Files\dotnet\sdk\8.0.403\Extensions,C:\Program Files\dotnet\sdk\8.0.403
TpTrace Information: 0 : 9232, 1, 2024/11/04, 17:36:04.148, 6197816251380, vstest.console.dll, AssemblyResolver.AddSearchDirectories: Adding more searchDirectories C:\Program Files\dotnet\sdk\8.0.403\Extensions,C:\Program Files\dotnet\sdk\8.0.403
TpTrace Information: 0 : 9232, 1, 2024/11/04, 17:36:04.148, 6197816251632, vstest.console.dll, AssemblyResolver.AddSearchDirectories: Adding more searchDirectories C:\Program Files\dotnet\sdk\8.0.403\Extensions,C:\Program Files\dotnet\sdk\8.0.403
TpTrace Information: 0 : 9232, 1, 2024/11/04, 17:36:04.148, 6197816251978, vstest.console.dll, AssemblyResolver.AddSearchDirectories: Adding more searchDirectories C:\Program Files\dotnet\sdk\8.0.403\Extensions,C:\Program Files\dotnet\sdk\8.0.403
TpTrace Information: 0 : 9232, 1, 2024/11/04, 17:36:04.148, 6197816252216, vstest.console.dll, AssemblyResolver.AddSearchDirectories: Adding more searchDirectories C:\Program Files\dotnet\sdk\8.0.403\Extensions,C:\Program Files\dotnet\sdk\8.0.403
TpTrace Information: 0 : 9232, 1, 2024/11/04, 17:36:04.148, 6197816252454, vstest.console.dll, AssemblyResolver.AddSearchDirectories: Adding more searchDirectories C:\Program Files\dotnet\sdk\8.0.403\Extensions,C:\Program Files\dotnet\sdk\8.0.403
TpTrace Information: 0 : 9232, 1, 2024/11/04, 17:36:04.149, 6197816256055, vstest.console.dll, AssemblyResolver.OnResolve: Microsoft.Diagnostics.NETCore.Client: Resolving assembly.
TpTrace Information: 0 : 9232, 1, 2024/11/04, 17:36:04.149, 6197816256787, vstest.console.dll, AssemblyResolver.OnResolve: Microsoft.Diagnostics.NETCore.Client: Searching in: 'C:\Program Files\dotnet\sdk\8.0.403\Extensions'.
TpTrace Information: 0 : 9232, 1, 2024/11/04, 17:36:04.165, 6197816420814, vstest.console.dll, AssemblyResolver.OnResolve: Microsoft.Diagnostics.NETCore.Client: Loading assembly 'C:\Program Files\dotnet\sdk\8.0.403\Extensions\Microsoft.Diagnostics.NETCore.Client.dll'.
TpTrace Information: 0 : 9232, 1, 2024/11/04, 17:36:04.167, 6197816440260, vstest.console.dll, AssemblyResolver.OnResolve: Resolved assembly: Microsoft.Diagnostics.NETCore.Client, from path: C:\Program Files\dotnet\sdk\8.0.403\Extensions\Microsoft.Diagnostics.NETCore.Client.dll
TpTrace Verbose: 0 : 9232, 1, 2024/11/04, 17:36:04.171, 6197816482223, vstest.console.dll, MetadataReaderExtensionsHelper: Discovering extensions inside assembly 'Microsoft.Diagnostics.NETCore.Client, Version=0.2.10.30701, Culture=neutral, PublicKeyToken=31bf3856ad364e35' file path 'C:\Program Files\dotnet\sdk\8.0.403\Extensions\Microsoft.Diagnostics.NETCore.Client.dll'
TpTrace Information: 0 : 9232, 1, 2024/11/04, 17:36:04.177, 6197816544878, vstest.console.dll, AssemblyResolver.OnResolve: Microsoft.Bcl.AsyncInterfaces: Resolving assembly.
TpTrace Information: 0 : 9232, 1, 2024/11/04, 17:36:04.178, 6197816545633, vstest.console.dll, AssemblyResolver.OnResolve: Microsoft.Bcl.AsyncInterfaces: Searching in: 'C:\Program Files\dotnet\sdk\8.0.403\Extensions'.
TpTrace Information: 0 : 9232, 1, 2024/11/04, 17:36:04.178, 6197816546209, vstest.console.dll, AssemblyResolver.OnResolve: Microsoft.Bcl.AsyncInterfaces: Assembly path does not exist: 'C:\Program Files\dotnet\sdk\8.0.403\Extensions\Microsoft.Bcl.AsyncInterfaces.dll', returning.
TpTrace Information: 0 : 9232, 1, 2024/11/04, 17:36:04.178, 6197816549221, vstest.console.dll, AssemblyResolver.OnResolve: Microsoft.Bcl.AsyncInterfaces: Assembly path does not exist: 'C:\Program Files\dotnet\sdk\8.0.403\Extensions\Microsoft.Bcl.AsyncInterfaces.exe', returning.
TpTrace Information: 0 : 9232, 1, 2024/11/04, 17:36:04.178, 6197816549676, vstest.console.dll, AssemblyResolver.OnResolve: Microsoft.Bcl.AsyncInterfaces: Searching in: 'C:\Program Files\dotnet\sdk\8.0.403'.
TpTrace Information: 0 : 9232, 1, 2024/11/04, 17:36:04.178, 6197816550083, vstest.console.dll, AssemblyResolver.OnResolve: Microsoft.Bcl.AsyncInterfaces: Assembly path does not exist: 'C:\Program Files\dotnet\sdk\8.0.403\Microsoft.Bcl.AsyncInterfaces.dll', returning.
TpTrace Information: 0 : 9232, 1, 2024/11/04, 17:36:04.178, 6197816550399, vstest.console.dll, AssemblyResolver.OnResolve: Microsoft.Bcl.AsyncInterfaces: Assembly path does not exist: 'C:\Program Files\dotnet\sdk\8.0.403\Microsoft.Bcl.AsyncInterfaces.exe', returning.
TpTrace Information: 0 : 9232, 1, 2024/11/04, 17:36:04.178, 6197816550611, vstest.console.dll, AssemblyResolver.OnResolve: Microsoft.Bcl.AsyncInterfaces: Failed to load assembly.
TpTrace Verbose: 0 : 9232, 1, 2024/11/04, 17:36:04.178, 6197816550907, vstest.console.dll, CurrentDomainAssemblyResolve: Resolving assembly 'Microsoft.Bcl.AsyncInterfaces'.
TpTrace Information: 0 : 9232, 1, 2024/11/04, 17:36:04.178, 6197816551409, vstest.console.dll, AssemblyResolver.OnResolve: Microsoft.Bcl.AsyncInterfaces: Resolving assembly.
TpTrace Information: 0 : 9232, 1, 2024/11/04, 17:36:04.178, 6197816551679, vstest.console.dll, AssemblyResolver.OnResolve: Microsoft.Bcl.AsyncInterfaces: Resolved from cache.
TpTrace Verbose: 0 : 9232, 1, 2024/11/04, 17:36:04.178, 6197816551893, vstest.console.dll, CurrentDomainAssemblyResolve: Resolving assembly 'Microsoft.Bcl.AsyncInterfaces'.
TpTrace Verbose: 0 : 9232, 1, 2024/11/04, 17:36:04.178, 6197816552141, vstest.console.dll, CurrentDomainAssemblyResolve: Failed to resolve assembly 'Microsoft.Bcl.AsyncInterfaces'.
TpTrace Verbose: 0 : 9232, 1, 2024/11/04, 17:36:04.179, 6197816561963, vstest.console.dll, CurrentDomainAssemblyResolve: Failed to resolve assembly 'Microsoft.Bcl.AsyncInterfaces'.
TpTrace Warning: 0 : 9232, 1, 2024/11/04, 17:36:04.194, 6197816706609, vstest.console.dll, TestPluginDiscoverer: Failed to get types from assembly 'Microsoft.Diagnostics.NETCore.Client, Version=0.2.10.30701, Culture=neutral, PublicKeyToken=31bf3856ad364e35'. Error: System.Reflection.ReflectionTypeLoadException: Unable to load one or more of the requested types.
Could not load file or assembly 'Microsoft.Bcl.AsyncInterfaces, Version=6.0.0.0, Culture=neutral, PublicKeyToken=cc7b13ffcd2ddd51'. The system cannot find the file specified.
   at System.Reflection.RuntimeModule.GetTypes(RuntimeModule module)
   at System.Reflection.RuntimeModule.GetTypes()
   at Microsoft.VisualStudio.TestPlatform.Common.ExtensionFramework.TestPluginDiscoverer.GetTestExtensionsFromAssembly[TPluginInfo,TExtension](Assembly assembly, Dictionary`2 pluginInfos, String filePath) in /_/src/Microsoft.TestPlatform.Common/ExtensionFramework/TestPluginDiscoverer.cs:line 158
System.IO.FileNotFoundException: Could not load file or assembly 'Microsoft.Bcl.AsyncInterfaces, Version=6.0.0.0, Culture=neutral, PublicKeyToken=cc7b13ffcd2ddd51'. The system cannot find the file specified.
File name: 'Microsoft.Bcl.AsyncInterfaces, Version=6.0.0.0, Culture=neutral, PublicKeyToken=cc7b13ffcd2ddd51'
 ---> System.IO.FileNotFoundException: Could not load file or assembly 'Microsoft.Bcl.AsyncInterfaces, Culture=neutral, PublicKeyToken=null'. The system cannot find the file specified.
File name: 'Microsoft.Bcl.AsyncInterfaces, Culture=neutral, PublicKeyToken=null'
   at System.Reflection.RuntimeAssembly.InternalLoad(AssemblyName assemblyName, StackCrawlMark& stackMark, AssemblyLoadContext assemblyLoadContext, RuntimeAssembly requestingAssembly, Boolean throwOnFileNotFound)
   at System.Reflection.Assembly.Load(AssemblyName assemblyRef)
   at Microsoft.VisualStudio.TestPlatform.Common.ExtensionFramework.TestPluginCache.CurrentDomainAssemblyResolve(Object sender, AssemblyResolveEventArgs args) in /_/src/Microsoft.TestPlatform.Common/ExtensionFramework/TestPluginCache.cs:line 513
   at System.Runtime.Loader.AssemblyLoadContext.GetFirstResolvedAssemblyFromResolvingEvent(AssemblyName assemblyName)
   at System.Runtime.Loader.AssemblyLoadContext.ResolveUsingEvent(AssemblyName assemblyName)
   at System.Runtime.Loader.AssemblyLoadContext.ResolveUsingResolvingEvent(IntPtr gchManagedAssemblyLoadContext, AssemblyName assemblyName)
TpTrace Warning: 0 : 9232, 1, 2024/11/04, 17:36:04.194, 6197816709523, vstest.console.dll, LoaderExceptions: System.IO.FileNotFoundException: Could not load file or assembly 'Microsoft.Bcl.AsyncInterfaces, Version=6.0.0.0, Culture=neutral, PublicKeyToken=cc7b13ffcd2ddd51'. The system cannot find the file specified.
File name: 'Microsoft.Bcl.AsyncInterfaces, Version=6.0.0.0, Culture=neutral, PublicKeyToken=cc7b13ffcd2ddd51'
 ---> System.IO.FileNotFoundException: Could not load file or assembly 'Microsoft.Bcl.AsyncInterfaces, Culture=neutral, PublicKeyToken=null'. The system cannot find the file specified.
File name: 'Microsoft.Bcl.AsyncInterfaces, Culture=neutral, PublicKeyToken=null'
   at System.Reflection.RuntimeAssembly.InternalLoad(AssemblyName assemblyName, StackCrawlMark& stackMark, AssemblyLoadContext assemblyLoadContext, RuntimeAssembly requestingAssembly, Boolean throwOnFileNotFound)
   at System.Reflection.Assembly.Load(AssemblyName assemblyRef)
   at Microsoft.VisualStudio.TestPlatform.Common.ExtensionFramework.TestPluginCache.CurrentDomainAssemblyResolve(Object sender, AssemblyResolveEventArgs args) in /_/src/Microsoft.TestPlatform.Common/ExtensionFramework/TestPluginCache.cs:line 513
   at System.Runtime.Loader.AssemblyLoadContext.GetFirstResolvedAssemblyFromResolvingEvent(AssemblyName assemblyName)
   at System.Runtime.Loader.AssemblyLoadContext.ResolveUsingEvent(AssemblyName assemblyName)
   at System.Runtime.Loader.AssemblyLoadContext.ResolveUsingResolvingEvent(IntPtr gchManagedAssemblyLoadContext, AssemblyName assemblyName)
TpTrace Information: 0 : 9232, 1, 2024/11/04, 17:36:04.194, 6197816710649, vstest.console.dll, AssemblyResolver.OnResolve: Microsoft.TestPlatform.Extensions.BlameDataCollector: Resolving assembly.
TpTrace Information: 0 : 9232, 1, 2024/11/04, 17:36:04.194, 6197816710991, vstest.console.dll, AssemblyResolver.OnResolve: Microsoft.TestPlatform.Extensions.BlameDataCollector: Searching in: 'C:\Program Files\dotnet\sdk\8.0.403\Extensions'.
TpTrace Information: 0 : 9232, 1, 2024/11/04, 17:36:04.195, 6197816721385, vstest.console.dll, AssemblyResolver.OnResolve: Microsoft.TestPlatform.Extensions.BlameDataCollector: Loading assembly 'C:\Program Files\dotnet\sdk\8.0.403\Extensions\Microsoft.TestPlatform.Extensions.BlameDataCollector.dll'.
TpTrace Information: 0 : 9232, 1, 2024/11/04, 17:36:04.197, 6197816738423, vstest.console.dll, AssemblyResolver.OnResolve: Resolved assembly: Microsoft.TestPlatform.Extensions.BlameDataCollector, from path: C:\Program Files\dotnet\sdk\8.0.403\Extensions\Microsoft.TestPlatform.Extensions.BlameDataCollector.dll
TpTrace Verbose: 0 : 9232, 1, 2024/11/04, 17:36:04.197, 6197816739819, vstest.console.dll, MetadataReaderExtensionsHelper: Discovering extensions inside assembly 'Microsoft.TestPlatform.Extensions.BlameDataCollector, Version=15.0.0.0, Culture=neutral, PublicKeyToken=b03f5f7f11d50a3a' file path 'C:\Program Files\dotnet\sdk\8.0.403\Extensions\Microsoft.TestPlatform.Extensions.BlameDataCollector.dll'
TpTrace Information: 0 : 9232, 1, 2024/11/04, 17:36:04.199, 6197816757025, vstest.console.dll, AssemblyResolver.OnResolve: Microsoft.TestPlatform.Extensions.EventLogCollector: Resolving assembly.
TpTrace Information: 0 : 9232, 1, 2024/11/04, 17:36:04.199, 6197816757583, vstest.console.dll, AssemblyResolver.OnResolve: Microsoft.TestPlatform.Extensions.EventLogCollector: Searching in: 'C:\Program Files\dotnet\sdk\8.0.403\Extensions'.
TpTrace Information: 0 : 9232, 1, 2024/11/04, 17:36:04.200, 6197816767710, vstest.console.dll, AssemblyResolver.OnResolve: Microsoft.TestPlatform.Extensions.EventLogCollector: Loading assembly 'C:\Program Files\dotnet\sdk\8.0.403\Extensions\Microsoft.TestPlatform.Extensions.EventLogCollector.dll'.
TpTrace Information: 0 : 9232, 1, 2024/11/04, 17:36:04.201, 6197816784855, vstest.console.dll, AssemblyResolver.OnResolve: Resolved assembly: Microsoft.TestPlatform.Extensions.EventLogCollector, from path: C:\Program Files\dotnet\sdk\8.0.403\Extensions\Microsoft.TestPlatform.Extensions.EventLogCollector.dll
TpTrace Verbose: 0 : 9232, 1, 2024/11/04, 17:36:04.202, 6197816785469, vstest.console.dll, MetadataReaderExtensionsHelper: Discovering extensions inside assembly 'Microsoft.TestPlatform.Extensions.EventLogCollector, Version=15.0.0.0, Culture=neutral, PublicKeyToken=b03f5f7f11d50a3a' file path 'C:\Program Files\dotnet\sdk\8.0.403\Extensions\Microsoft.TestPlatform.Extensions.EventLogCollector.dll'
TpTrace Information: 0 : 9232, 1, 2024/11/04, 17:36:04.208, 6197816845685, vstest.console.dll, AssemblyResolver.OnResolve: Microsoft.TestPlatform.TestHostRuntimeProvider: Resolving assembly.
TpTrace Information: 0 : 9232, 1, 2024/11/04, 17:36:04.208, 6197816846624, vstest.console.dll, AssemblyResolver.OnResolve: Microsoft.TestPlatform.TestHostRuntimeProvider: Searching in: 'C:\Program Files\dotnet\sdk\8.0.403\Extensions'.
TpTrace Information: 0 : 9232, 1, 2024/11/04, 17:36:04.209, 6197816860182, vstest.console.dll, AssemblyResolver.OnResolve: Microsoft.TestPlatform.TestHostRuntimeProvider: Loading assembly 'C:\Program Files\dotnet\sdk\8.0.403\Extensions\Microsoft.TestPlatform.TestHostRuntimeProvider.dll'.
TpTrace Information: 0 : 9232, 1, 2024/11/04, 17:36:04.214, 6197816912606, vstest.console.dll, AssemblyResolver.OnResolve: Resolved assembly: Microsoft.TestPlatform.TestHostRuntimeProvider, from path: C:\Program Files\dotnet\sdk\8.0.403\Extensions\Microsoft.TestPlatform.TestHostRuntimeProvider.dll
TpTrace Verbose: 0 : 9232, 1, 2024/11/04, 17:36:04.214, 6197816913511, vstest.console.dll, MetadataReaderExtensionsHelper: Discovering extensions inside assembly 'Microsoft.TestPlatform.TestHostRuntimeProvider, Version=15.0.0.0, Culture=neutral, PublicKeyToken=b03f5f7f11d50a3a' file path 'C:\Program Files\dotnet\sdk\8.0.403\Extensions\Microsoft.TestPlatform.TestHostRuntimeProvider.dll'
TpTrace Information: 0 : 9232, 1, 2024/11/04, 17:36:04.217, 6197816937045, vstest.console.dll, GetTestExtensionFromType: Register extension with identifier data 'HostProvider://DefaultTestHost' and type 'Microsoft.VisualStudio.TestPlatform.CrossPlatEngine.Hosting.DefaultTestHostManager, Microsoft.TestPlatform.TestHostRuntimeProvider, Version=15.0.0.0, Culture=neutral, PublicKeyToken=b03f5f7f11d50a3a' inside file 'C:\Program Files\dotnet\sdk\8.0.403\Extensions\Microsoft.TestPlatform.TestHostRuntimeProvider.dll'
TpTrace Information: 0 : 9232, 1, 2024/11/04, 17:36:04.217, 6197816938934, vstest.console.dll, GetTestExtensionFromType: Register extension with identifier data 'HostProvider://DotnetTestHost' and type 'Microsoft.VisualStudio.TestPlatform.CrossPlatEngine.Hosting.DotnetTestHostManager, Microsoft.TestPlatform.TestHostRuntimeProvider, Version=15.0.0.0, Culture=neutral, PublicKeyToken=b03f5f7f11d50a3a' inside file 'C:\Program Files\dotnet\sdk\8.0.403\Extensions\Microsoft.TestPlatform.TestHostRuntimeProvider.dll'
TpTrace Information: 0 : 9232, 1, 2024/11/04, 17:36:04.217, 6197816939727, vstest.console.dll, AssemblyResolver.OnResolve: Microsoft.VisualStudio.TestPlatform.Extensions.Html.TestLogger: Resolving assembly.
TpTrace Information: 0 : 9232, 1, 2024/11/04, 17:36:04.217, 6197816940012, vstest.console.dll, AssemblyResolver.OnResolve: Microsoft.VisualStudio.TestPlatform.Extensions.Html.TestLogger: Searching in: 'C:\Program Files\dotnet\sdk\8.0.403\Extensions'.
TpTrace Information: 0 : 9232, 1, 2024/11/04, 17:36:04.219, 6197816960060, vstest.console.dll, AssemblyResolver.OnResolve: Microsoft.VisualStudio.TestPlatform.Extensions.Html.TestLogger: Loading assembly 'C:\Program Files\dotnet\sdk\8.0.403\Extensions\Microsoft.VisualStudio.TestPlatform.Extensions.Html.TestLogger.dll'.
TpTrace Information: 0 : 9232, 1, 2024/11/04, 17:36:04.221, 6197816979815, vstest.console.dll, AssemblyResolver.OnResolve: Resolved assembly: Microsoft.VisualStudio.TestPlatform.Extensions.Html.TestLogger, from path: C:\Program Files\dotnet\sdk\8.0.403\Extensions\Microsoft.VisualStudio.TestPlatform.Extensions.Html.TestLogger.dll
TpTrace Verbose: 0 : 9232, 1, 2024/11/04, 17:36:04.221, 6197816982684, vstest.console.dll, MetadataReaderExtensionsHelper: Discovering extensions inside assembly 'Microsoft.VisualStudio.TestPlatform.Extensions.Html.TestLogger, Version=15.0.0.0, Culture=neutral, PublicKeyToken=b03f5f7f11d50a3a' file path 'C:\Program Files\dotnet\sdk\8.0.403\Extensions\Microsoft.VisualStudio.TestPlatform.Extensions.Html.TestLogger.dll'
TpTrace Information: 0 : 9232, 1, 2024/11/04, 17:36:04.224, 6197817011869, vstest.console.dll, AssemblyResolver.OnResolve: Microsoft.VisualStudio.TestPlatform.Extensions.Trx.TestLogger: Resolving assembly.
TpTrace Information: 0 : 9232, 1, 2024/11/04, 17:36:04.224, 6197817012444, vstest.console.dll, AssemblyResolver.OnResolve: Microsoft.VisualStudio.TestPlatform.Extensions.Trx.TestLogger: Searching in: 'C:\Program Files\dotnet\sdk\8.0.403\Extensions'.
TpTrace Information: 0 : 9232, 1, 2024/11/04, 17:36:04.226, 6197817026693, vstest.console.dll, AssemblyResolver.OnResolve: Microsoft.VisualStudio.TestPlatform.Extensions.Trx.TestLogger: Loading assembly 'C:\Program Files\dotnet\sdk\8.0.403\Extensions\Microsoft.VisualStudio.TestPlatform.Extensions.Trx.TestLogger.dll'.
TpTrace Information: 0 : 9232, 1, 2024/11/04, 17:36:04.228, 6197817054101, vstest.console.dll, AssemblyResolver.OnResolve: Resolved assembly: Microsoft.VisualStudio.TestPlatform.Extensions.Trx.TestLogger, from path: C:\Program Files\dotnet\sdk\8.0.403\Extensions\Microsoft.VisualStudio.TestPlatform.Extensions.Trx.TestLogger.dll
TpTrace Verbose: 0 : 9232, 1, 2024/11/04, 17:36:04.228, 6197817054694, vstest.console.dll, MetadataReaderExtensionsHelper: Discovering extensions inside assembly 'Microsoft.VisualStudio.TestPlatform.Extensions.Trx.TestLogger, Version=15.0.0.0, Culture=neutral, PublicKeyToken=b03f5f7f11d50a3a' file path 'C:\Program Files\dotnet\sdk\8.0.403\Extensions\Microsoft.VisualStudio.TestPlatform.Extensions.Trx.TestLogger.dll'
TpTrace Verbose: 0 : 9232, 1, 2024/11/04, 17:36:04.230, 6197817074134, vstest.console.dll, TestPluginCache: Discovered the extensions using extension path ''.
TpTrace Verbose: 0 : 9232, 1, 2024/11/04, 17:36:04.230, 6197817074819, vstest.console.dll, TestPluginCache: Discoverers are ''.
TpTrace Verbose: 0 : 9232, 1, 2024/11/04, 17:36:04.231, 6197817075066, vstest.console.dll, TestPluginCache: Executors are ''.
TpTrace Verbose: 0 : 9232, 1, 2024/11/04, 17:36:04.231, 6197817075279, vstest.console.dll, TestPluginCache: Executors2 are ''.
TpTrace Verbose: 0 : 9232, 1, 2024/11/04, 17:36:04.231, 6197817075487, vstest.console.dll, TestPluginCache: Setting providers are ''.
TpTrace Verbose: 0 : 9232, 1, 2024/11/04, 17:36:04.231, 6197817075693, vstest.console.dll, TestPluginCache: Loggers are ''.
TpTrace Verbose: 0 : 9232, 1, 2024/11/04, 17:36:04.231, 6197817076879, vstest.console.dll, TestPluginCache: TestHosts are 'HostProvider://DefaultTestHost,HostProvider://DotnetTestHost'.
TpTrace Verbose: 0 : 9232, 1, 2024/11/04, 17:36:04.231, 6197817077152, vstest.console.dll, TestPluginCache: DataCollectors are ''.
TpTrace Information: 0 : 9232, 1, 2024/11/04, 17:36:04.259, 6197817358330, vstest.console.dll, RunTestsArgumentProcessor:Execute: Test run is starting.
TpTrace Verbose: 0 : 9232, 1, 2024/11/04, 17:36:04.259, 6197817359301, vstest.console.dll, RunTestsArgumentProcessor:Execute: Queuing Test run.
TpTrace Information: 0 : 9232, 1, 2024/11/04, 17:36:04.259, 6197817361459, vstest.console.dll, TestRequestManager.RunTests: run tests started.
TpTrace Information: 0 : 9232, 1, 2024/11/04, 17:36:04.261, 6197817383786, vstest.console.dll, AssemblyMetadataProvider.GetFrameworkName: Determined framework:'.NETCoreApp,Version=v6.0' for source: 'C:\Users\rohit.laishram.PYRAMIDINDIA\Documents\ApiProject\ReimbursementTrackingApplication\ReimbursementProjectTest\bin\Debug\net6.0\fine-code-coverage\build-output\ReimbursementProjectTest.dll'
TpTrace Information: 0 : 9232, 1, 2024/11/04, 17:36:04.262, 6197817385199, vstest.console.dll, Determined framework for all sources: .NETCoreApp,Version=v6.0
TpTrace Verbose: 0 : 9232, 1, 2024/11/04, 17:36:04.262, 6197817389654, vstest.console.dll, TestRequestManager.UpdateRunSettingsIfRequired: Default architecture: X64 IsDefaultTargetArchitecture: True, Current process architecture: X64 OperatingSystem: Windows.
TpTrace Information: 0 : 9232, 1, 2024/11/04, 17:36:04.267, 6197817439369, vstest.console.dll, AssemblyMetadataProvider.GetArchitecture: Determined architecture:AnyCPU info for assembly: C:\Users\rohit.laishram.PYRAMIDINDIA\Documents\ApiProject\ReimbursementTrackingApplication\ReimbursementProjectTest\bin\Debug\net6.0\fine-code-coverage\build-output\ReimbursementProjectTest.dll
TpTrace Information: 0 : 9232, 1, 2024/11/04, 17:36:04.267, 6197817439991, vstest.console.dll, Determined platform for source 'C:\Users\rohit.laishram.PYRAMIDINDIA\Documents\ApiProject\ReimbursementTrackingApplication\ReimbursementProjectTest\bin\Debug\net6.0\fine-code-coverage\build-output\ReimbursementProjectTest.dll' was AnyCPU and it will use the default plaform X64.
TpTrace Information: 0 : 9232, 1, 2024/11/04, 17:36:04.267, 6197817440256, vstest.console.dll, None of the sources provided any runnable platform, using the default platform: X64
TpTrace Information: 0 : 9232, 1, 2024/11/04, 17:36:04.267, 6197817441042, vstest.console.dll, Platform was updated to 'X64'.
TpTrace Information: 0 : 9232, 1, 2024/11/04, 17:36:04.271, 6197817478572, vstest.console.dll, InferRunSettingsHelper.IsTestSettingsEnabled: Unable to navigate to RunSettings/MSTest. Current node: RunSettings
TpTrace Information: 0 : 9232, 1, 2024/11/04, 17:36:04.272, 6197817485698, vstest.console.dll, AssemblyResolver.OnResolve: Microsoft.VisualStudio.TestPlatform.Fakes: Resolving assembly.
TpTrace Information: 0 : 9232, 1, 2024/11/04, 17:36:04.272, 6197817486343, vstest.console.dll, AssemblyResolver.OnResolve: Microsoft.VisualStudio.TestPlatform.Fakes: Searching in: 'C:\Program Files\dotnet\sdk\8.0.403\Extensions'.
TpTrace Information: 0 : 9232, 1, 2024/11/04, 17:36:04.272, 6197817487011, vstest.console.dll, AssemblyResolver.OnResolve: Microsoft.VisualStudio.TestPlatform.Fakes: Assembly path does not exist: 'C:\Program Files\dotnet\sdk\8.0.403\Extensions\Microsoft.VisualStudio.TestPlatform.Fakes.dll', returning.
TpTrace Information: 0 : 9232, 1, 2024/11/04, 17:36:04.272, 6197817487491, vstest.console.dll, AssemblyResolver.OnResolve: Microsoft.VisualStudio.TestPlatform.Fakes: Assembly path does not exist: 'C:\Program Files\dotnet\sdk\8.0.403\Extensions\Microsoft.VisualStudio.TestPlatform.Fakes.exe', returning.
TpTrace Information: 0 : 9232, 1, 2024/11/04, 17:36:04.272, 6197817487733, vstest.console.dll, AssemblyResolver.OnResolve: Microsoft.VisualStudio.TestPlatform.Fakes: Searching in: 'C:\Program Files\dotnet\sdk\8.0.403'.
TpTrace Information: 0 : 9232, 1, 2024/11/04, 17:36:04.272, 6197817488171, vstest.console.dll, AssemblyResolver.OnResolve: Microsoft.VisualStudio.TestPlatform.Fakes: Assembly path does not exist: 'C:\Program Files\dotnet\sdk\8.0.403\Microsoft.VisualStudio.TestPlatform.Fakes.dll', returning.
TpTrace Information: 0 : 9232, 1, 2024/11/04, 17:36:04.272, 6197817488534, vstest.console.dll, AssemblyResolver.OnResolve: Microsoft.VisualStudio.TestPlatform.Fakes: Assembly path does not exist: 'C:\Program Files\dotnet\sdk\8.0.403\Microsoft.VisualStudio.TestPlatform.Fakes.exe', returning.
TpTrace Information: 0 : 9232, 1, 2024/11/04, 17:36:04.272, 6197817488827, vstest.console.dll, AssemblyResolver.OnResolve: Microsoft.VisualStudio.TestPlatform.Fakes: Failed to load assembly.
TpTrace Information: 0 : 9232, 1, 2024/11/04, 17:36:04.272, 6197817490747, vstest.console.dll, Failed to load assembly Microsoft.VisualStudio.TestPlatform.Fakes, Version=17.0.0.0, Culture=neutral. Reason:System.IO.FileNotFoundException: Could not load file or assembly 'Microsoft.VisualStudio.TestPlatform.Fakes, Version=17.0.0.0, Culture=neutral, PublicKeyToken=null'. The system cannot find the file specified.
File name: 'Microsoft.VisualStudio.TestPlatform.Fakes, Version=17.0.0.0, Culture=neutral, PublicKeyToken=null'
   at System.Reflection.RuntimeAssembly.InternalLoad(AssemblyName assemblyName, StackCrawlMark& stackMark, AssemblyLoadContext assemblyLoadContext, RuntimeAssembly requestingAssembly, Boolean throwOnFileNotFound)
   at System.Reflection.Assembly.Load(AssemblyName assemblyRef)
   at Microsoft.VisualStudio.TestPlatform.Common.Utilities.FakesUtilities.LoadTestPlatformAssembly() in /_/src/Microsoft.TestPlatform.Common/Utilities/FakesUtilities.cs:line 272
TpTrace Verbose: 0 : 9232, 1, 2024/11/04, 17:36:04.275, 6197817516854, vstest.console.dll, TestPluginCache.DiscoverTestExtensions: finding test extensions in assemblies ends with: TestLogger.dll TPluginInfo: Microsoft.VisualStudio.TestPlatform.Common.ExtensionFramework.Utilities.TestLoggerPluginInformation TExtension: Microsoft.VisualStudio.TestPlatform.ObjectModel.Client.ITestLogger
TpTrace Verbose: 0 : 9232, 1, 2024/11/04, 17:36:04.275, 6197817517698, vstest.console.dll, TestPluginCache.GetExtensionPaths: Filtered extension paths: 
TpTrace Verbose: 0 : 9232, 1, 2024/11/04, 17:36:04.275, 6197817518007, vstest.console.dll, TestPluginCache.GetExtensionPaths: Added default extension paths: C:\Program Files\dotnet\sdk\8.0.403\Extensions\Microsoft.Diagnostics.NETCore.Client.dll
C:\Program Files\dotnet\sdk\8.0.403\Extensions\Microsoft.TestPlatform.Extensions.BlameDataCollector.dll
C:\Program Files\dotnet\sdk\8.0.403\Extensions\Microsoft.TestPlatform.Extensions.EventLogCollector.dll
C:\Program Files\dotnet\sdk\8.0.403\Extensions\Microsoft.TestPlatform.TestHostRuntimeProvider.dll
C:\Program Files\dotnet\sdk\8.0.403\Extensions\Microsoft.VisualStudio.TestPlatform.Extensions.Html.TestLogger.dll
C:\Program Files\dotnet\sdk\8.0.403\Extensions\Microsoft.VisualStudio.TestPlatform.Extensions.Trx.TestLogger.dll
TpTrace Verbose: 0 : 9232, 1, 2024/11/04, 17:36:04.275, 6197817519176, vstest.console.dll, TestPluginCache.GetExtensionPaths: Added unfilterableExtensionPaths: 
TpTrace Information: 0 : 9232, 1, 2024/11/04, 17:36:04.275, 6197817520190, vstest.console.dll, AssemblyResolver.AddSearchDirectories: Adding more searchDirectories C:\Program Files\dotnet\sdk\8.0.403\Extensions,C:\Program Files\dotnet\sdk\8.0.403
TpTrace Verbose: 0 : 9232, 1, 2024/11/04, 17:36:04.275, 6197817520520, vstest.console.dll, TestPluginCache.DiscoverTestExtensions: Discovering the extensions using extension path.
TpTrace Verbose: 0 : 9232, 1, 2024/11/04, 17:36:04.275, 6197817520793, vstest.console.dll, TestPluginCache.GetExtensionPaths: Filtered extension paths: 
TpTrace Verbose: 0 : 9232, 1, 2024/11/04, 17:36:04.275, 6197817521102, vstest.console.dll, TestPluginCache.GetExtensionPaths: Added default extension paths: C:\Program Files\dotnet\sdk\8.0.403\Extensions\Microsoft.Diagnostics.NETCore.Client.dll
C:\Program Files\dotnet\sdk\8.0.403\Extensions\Microsoft.TestPlatform.Extensions.BlameDataCollector.dll
C:\Program Files\dotnet\sdk\8.0.403\Extensions\Microsoft.TestPlatform.Extensions.EventLogCollector.dll
C:\Program Files\dotnet\sdk\8.0.403\Extensions\Microsoft.TestPlatform.TestHostRuntimeProvider.dll
C:\Program Files\dotnet\sdk\8.0.403\Extensions\Microsoft.VisualStudio.TestPlatform.Extensions.Html.TestLogger.dll
C:\Program Files\dotnet\sdk\8.0.403\Extensions\Microsoft.VisualStudio.TestPlatform.Extensions.Trx.TestLogger.dll
TpTrace Verbose: 0 : 9232, 1, 2024/11/04, 17:36:04.275, 6197817521350, vstest.console.dll, TestPluginCache.GetExtensionPaths: Added unfilterableExtensionPaths: 
TpTrace Verbose: 0 : 9232, 1, 2024/11/04, 17:36:04.275, 6197817522224, vstest.console.dll, TestPluginCache.DiscoverTestExtensions: Discovering the extensions using allExtensionPaths: C:\Program Files\dotnet\sdk\8.0.403\Extensions\Microsoft.Diagnostics.NETCore.Client.dll
C:\Program Files\dotnet\sdk\8.0.403\Extensions\Microsoft.TestPlatform.Extensions.BlameDataCollector.dll
C:\Program Files\dotnet\sdk\8.0.403\Extensions\Microsoft.TestPlatform.Extensions.EventLogCollector.dll
C:\Program Files\dotnet\sdk\8.0.403\Extensions\Microsoft.TestPlatform.TestHostRuntimeProvider.dll
C:\Program Files\dotnet\sdk\8.0.403\Extensions\Microsoft.VisualStudio.TestPlatform.Extensions.Html.TestLogger.dll
C:\Program Files\dotnet\sdk\8.0.403\Extensions\Microsoft.VisualStudio.TestPlatform.Extensions.Trx.TestLogger.dll
TpTrace Information: 0 : 9232, 1, 2024/11/04, 17:36:04.275, 6197817522606, vstest.console.dll, AssemblyResolver.AddSearchDirectories: Adding more searchDirectories C:\Program Files\dotnet\sdk\8.0.403\Extensions,C:\Program Files\dotnet\sdk\8.0.403
TpTrace Information: 0 : 9232, 1, 2024/11/04, 17:36:04.275, 6197817522915, vstest.console.dll, AssemblyResolver.AddSearchDirectories: Adding more searchDirectories C:\Program Files\dotnet\sdk\8.0.403\Extensions,C:\Program Files\dotnet\sdk\8.0.403
TpTrace Information: 0 : 9232, 1, 2024/11/04, 17:36:04.275, 6197817523158, vstest.console.dll, AssemblyResolver.AddSearchDirectories: Adding more searchDirectories C:\Program Files\dotnet\sdk\8.0.403\Extensions,C:\Program Files\dotnet\sdk\8.0.403
TpTrace Information: 0 : 9232, 1, 2024/11/04, 17:36:04.275, 6197817523399, vstest.console.dll, AssemblyResolver.AddSearchDirectories: Adding more searchDirectories C:\Program Files\dotnet\sdk\8.0.403\Extensions,C:\Program Files\dotnet\sdk\8.0.403
TpTrace Information: 0 : 9232, 1, 2024/11/04, 17:36:04.275, 6197817523688, vstest.console.dll, AssemblyResolver.AddSearchDirectories: Adding more searchDirectories C:\Program Files\dotnet\sdk\8.0.403\Extensions,C:\Program Files\dotnet\sdk\8.0.403
TpTrace Information: 0 : 9232, 1, 2024/11/04, 17:36:04.275, 6197817523921, vstest.console.dll, AssemblyResolver.AddSearchDirectories: Adding more searchDirectories C:\Program Files\dotnet\sdk\8.0.403\Extensions,C:\Program Files\dotnet\sdk\8.0.403
TpTrace Verbose: 0 : 9232, 1, 2024/11/04, 17:36:04.275, 6197817524633, vstest.console.dll, MetadataReaderExtensionsHelper: Discovering extensions inside assembly 'Microsoft.Diagnostics.NETCore.Client, Version=0.2.10.30701, Culture=neutral, PublicKeyToken=31bf3856ad364e35' file path 'C:\Program Files\dotnet\sdk\8.0.403\Extensions\Microsoft.Diagnostics.NETCore.Client.dll'
TpTrace Information: 0 : 9232, 1, 2024/11/04, 17:36:04.277, 6197817538966, vstest.console.dll, AssemblyResolver.OnResolve: Microsoft.Bcl.AsyncInterfaces: Resolving assembly.
TpTrace Information: 0 : 9232, 1, 2024/11/04, 17:36:04.277, 6197817539598, vstest.console.dll, AssemblyResolver.OnResolve: Microsoft.Bcl.AsyncInterfaces: Resolved from cache.
TpTrace Verbose: 0 : 9232, 1, 2024/11/04, 17:36:04.277, 6197817539866, vstest.console.dll, CurrentDomainAssemblyResolve: Resolving assembly 'Microsoft.Bcl.AsyncInterfaces'.
TpTrace Information: 0 : 9232, 1, 2024/11/04, 17:36:04.277, 6197817540216, vstest.console.dll, AssemblyResolver.OnResolve: Microsoft.Bcl.AsyncInterfaces: Resolving assembly.
TpTrace Information: 0 : 9232, 1, 2024/11/04, 17:36:04.277, 6197817540448, vstest.console.dll, AssemblyResolver.OnResolve: Microsoft.Bcl.AsyncInterfaces: Resolved from cache.
TpTrace Verbose: 0 : 9232, 1, 2024/11/04, 17:36:04.277, 6197817540671, vstest.console.dll, CurrentDomainAssemblyResolve: Resolving assembly 'Microsoft.Bcl.AsyncInterfaces'.
TpTrace Verbose: 0 : 9232, 1, 2024/11/04, 17:36:04.277, 6197817540900, vstest.console.dll, CurrentDomainAssemblyResolve: Failed to resolve assembly 'Microsoft.Bcl.AsyncInterfaces'.
TpTrace Verbose: 0 : 9232, 1, 2024/11/04, 17:36:04.277, 6197817541936, vstest.console.dll, CurrentDomainAssemblyResolve: Failed to resolve assembly 'Microsoft.Bcl.AsyncInterfaces'.
TpTrace Warning: 0 : 9232, 1, 2024/11/04, 17:36:04.277, 6197817544966, vstest.console.dll, TestPluginDiscoverer: Failed to get types from assembly 'Microsoft.Diagnostics.NETCore.Client, Version=0.2.10.30701, Culture=neutral, PublicKeyToken=31bf3856ad364e35'. Error: System.Reflection.ReflectionTypeLoadException: Unable to load one or more of the requested types.
Could not load file or assembly 'Microsoft.Bcl.AsyncInterfaces, Version=6.0.0.0, Culture=neutral, PublicKeyToken=cc7b13ffcd2ddd51'. The system cannot find the file specified.
   at System.Reflection.RuntimeModule.GetTypes(RuntimeModule module)
   at System.Reflection.RuntimeModule.GetTypes()
   at Microsoft.VisualStudio.TestPlatform.Common.ExtensionFramework.TestPluginDiscoverer.GetTestExtensionsFromAssembly[TPluginInfo,TExtension](Assembly assembly, Dictionary`2 pluginInfos, String filePath) in /_/src/Microsoft.TestPlatform.Common/ExtensionFramework/TestPluginDiscoverer.cs:line 158
System.IO.FileNotFoundException: Could not load file or assembly 'Microsoft.Bcl.AsyncInterfaces, Version=6.0.0.0, Culture=neutral, PublicKeyToken=cc7b13ffcd2ddd51'. The system cannot find the file specified.
File name: 'Microsoft.Bcl.AsyncInterfaces, Version=6.0.0.0, Culture=neutral, PublicKeyToken=cc7b13ffcd2ddd51'
 ---> System.IO.FileNotFoundException: Could not load file or assembly 'Microsoft.Bcl.AsyncInterfaces, Culture=neutral, PublicKeyToken=null'. The system cannot find the file specified.
File name: 'Microsoft.Bcl.AsyncInterfaces, Culture=neutral, PublicKeyToken=null'
   at System.Reflection.RuntimeAssembly.InternalLoad(AssemblyName assemblyName, StackCrawlMark& stackMark, AssemblyLoadContext assemblyLoadContext, RuntimeAssembly requestingAssembly, Boolean throwOnFileNotFound)
   at System.Reflection.Assembly.Load(AssemblyName assemblyRef)
   at Microsoft.VisualStudio.TestPlatform.Common.ExtensionFramework.TestPluginCache.CurrentDomainAssemblyResolve(Object sender, AssemblyResolveEventArgs args) in /_/src/Microsoft.TestPlatform.Common/ExtensionFramework/TestPluginCache.cs:line 513
   at System.Runtime.Loader.AssemblyLoadContext.GetFirstResolvedAssemblyFromResolvingEvent(AssemblyName assemblyName)
   at System.Runtime.Loader.AssemblyLoadContext.ResolveUsingEvent(AssemblyName assemblyName)
   at System.Runtime.Loader.AssemblyLoadContext.ResolveUsingResolvingEvent(IntPtr gchManagedAssemblyLoadContext, AssemblyName assemblyName)
TpTrace Warning: 0 : 9232, 1, 2024/11/04, 17:36:04.278, 6197817546303, vstest.console.dll, LoaderExceptions: System.IO.FileNotFoundException: Could not load file or assembly 'Microsoft.Bcl.AsyncInterfaces, Version=6.0.0.0, Culture=neutral, PublicKeyToken=cc7b13ffcd2ddd51'. The system cannot find the file specified.
File name: 'Microsoft.Bcl.AsyncInterfaces, Version=6.0.0.0, Culture=neutral, PublicKeyToken=cc7b13ffcd2ddd51'
 ---> System.IO.FileNotFoundException: Could not load file or assembly 'Microsoft.Bcl.AsyncInterfaces, Culture=neutral, PublicKeyToken=null'. The system cannot find the file specified.
File name: 'Microsoft.Bcl.AsyncInterfaces, Culture=neutral, PublicKeyToken=null'
   at System.Reflection.RuntimeAssembly.InternalLoad(AssemblyName assemblyName, StackCrawlMark& stackMark, AssemblyLoadContext assemblyLoadContext, RuntimeAssembly requestingAssembly, Boolean throwOnFileNotFound)
   at System.Reflection.Assembly.Load(AssemblyName assemblyRef)
   at Microsoft.VisualStudio.TestPlatform.Common.ExtensionFramework.TestPluginCache.CurrentDomainAssemblyResolve(Object sender, AssemblyResolveEventArgs args) in /_/src/Microsoft.TestPlatform.Common/ExtensionFramework/TestPluginCache.cs:line 513
   at System.Runtime.Loader.AssemblyLoadContext.GetFirstResolvedAssemblyFromResolvingEvent(AssemblyName assemblyName)
   at System.Runtime.Loader.AssemblyLoadContext.ResolveUsingEvent(AssemblyName assemblyName)
   at System.Runtime.Loader.AssemblyLoadContext.ResolveUsingResolvingEvent(IntPtr gchManagedAssemblyLoadContext, AssemblyName assemblyName)
TpTrace Verbose: 0 : 9232, 1, 2024/11/04, 17:36:04.278, 6197817546888, vstest.console.dll, MetadataReaderExtensionsHelper: Discovering extensions inside assembly 'Microsoft.TestPlatform.Extensions.BlameDataCollector, Version=15.0.0.0, Culture=neutral, PublicKeyToken=b03f5f7f11d50a3a' file path 'C:\Program Files\dotnet\sdk\8.0.403\Extensions\Microsoft.TestPlatform.Extensions.BlameDataCollector.dll'
TpTrace Information: 0 : 9232, 1, 2024/11/04, 17:36:04.279, 6197817558447, vstest.console.dll, GetTestExtensionFromType: Register extension with identifier data 'logger://Microsoft/TestPlatform/Extensions/Blame/v1' and type 'Microsoft.TestPlatform.Extensions.BlameDataCollector.BlameLogger, Microsoft.TestPlatform.Extensions.BlameDataCollector, Version=15.0.0.0, Culture=neutral, PublicKeyToken=b03f5f7f11d50a3a' inside file 'C:\Program Files\dotnet\sdk\8.0.403\Extensions\Microsoft.TestPlatform.Extensions.BlameDataCollector.dll'
TpTrace Verbose: 0 : 9232, 1, 2024/11/04, 17:36:04.279, 6197817560167, vstest.console.dll, MetadataReaderExtensionsHelper: Discovering extensions inside assembly 'Microsoft.TestPlatform.Extensions.EventLogCollector, Version=15.0.0.0, Culture=neutral, PublicKeyToken=b03f5f7f11d50a3a' file path 'C:\Program Files\dotnet\sdk\8.0.403\Extensions\Microsoft.TestPlatform.Extensions.EventLogCollector.dll'
TpTrace Verbose: 0 : 9232, 1, 2024/11/04, 17:36:04.280, 6197817570362, vstest.console.dll, MetadataReaderExtensionsHelper: Discovering extensions inside assembly 'Microsoft.TestPlatform.TestHostRuntimeProvider, Version=15.0.0.0, Culture=neutral, PublicKeyToken=b03f5f7f11d50a3a' file path 'C:\Program Files\dotnet\sdk\8.0.403\Extensions\Microsoft.TestPlatform.TestHostRuntimeProvider.dll'
TpTrace Verbose: 0 : 9232, 1, 2024/11/04, 17:36:04.281, 6197817581831, vstest.console.dll, MetadataReaderExtensionsHelper: Discovering extensions inside assembly 'Microsoft.VisualStudio.TestPlatform.Extensions.Html.TestLogger, Version=15.0.0.0, Culture=neutral, PublicKeyToken=b03f5f7f11d50a3a' file path 'C:\Program Files\dotnet\sdk\8.0.403\Extensions\Microsoft.VisualStudio.TestPlatform.Extensions.Html.TestLogger.dll'
TpTrace Information: 0 : 9232, 1, 2024/11/04, 17:36:04.283, 6197817603126, vstest.console.dll, GetTestExtensionFromType: Register extension with identifier data 'logger://Microsoft/TestPlatform/HtmlLogger/v1' and type 'Microsoft.VisualStudio.TestPlatform.Extensions.HtmlLogger.HtmlLogger, Microsoft.VisualStudio.TestPlatform.Extensions.Html.TestLogger, Version=15.0.0.0, Culture=neutral, PublicKeyToken=b03f5f7f11d50a3a' inside file 'C:\Program Files\dotnet\sdk\8.0.403\Extensions\Microsoft.VisualStudio.TestPlatform.Extensions.Html.TestLogger.dll'
TpTrace Verbose: 0 : 9232, 1, 2024/11/04, 17:36:04.283, 6197817603778, vstest.console.dll, MetadataReaderExtensionsHelper: Discovering extensions inside assembly 'Microsoft.VisualStudio.TestPlatform.Extensions.Trx.TestLogger, Version=15.0.0.0, Culture=neutral, PublicKeyToken=b03f5f7f11d50a3a' file path 'C:\Program Files\dotnet\sdk\8.0.403\Extensions\Microsoft.VisualStudio.TestPlatform.Extensions.Trx.TestLogger.dll'
TpTrace Information: 0 : 9232, 1, 2024/11/04, 17:36:04.285, 6197817618765, vstest.console.dll, GetTestExtensionFromType: Register extension with identifier data 'logger://Microsoft/TestPlatform/TrxLogger/v1' and type 'Microsoft.VisualStudio.TestPlatform.Extensions.TrxLogger.TrxLogger, Microsoft.VisualStudio.TestPlatform.Extensions.Trx.TestLogger, Version=15.0.0.0, Culture=neutral, PublicKeyToken=b03f5f7f11d50a3a' inside file 'C:\Program Files\dotnet\sdk\8.0.403\Extensions\Microsoft.VisualStudio.TestPlatform.Extensions.Trx.TestLogger.dll'
TpTrace Verbose: 0 : 9232, 1, 2024/11/04, 17:36:04.285, 6197817619395, vstest.console.dll, TestPluginCache: Discovered the extensions using extension path ''.
TpTrace Verbose: 0 : 9232, 1, 2024/11/04, 17:36:04.285, 6197817619659, vstest.console.dll, TestPluginCache: Discoverers are ''.
TpTrace Verbose: 0 : 9232, 1, 2024/11/04, 17:36:04.285, 6197817619887, vstest.console.dll, TestPluginCache: Executors are ''.
TpTrace Verbose: 0 : 9232, 1, 2024/11/04, 17:36:04.285, 6197817620110, vstest.console.dll, TestPluginCache: Executors2 are ''.
TpTrace Verbose: 0 : 9232, 1, 2024/11/04, 17:36:04.285, 6197817620364, vstest.console.dll, TestPluginCache: Setting providers are ''.
TpTrace Verbose: 0 : 9232, 1, 2024/11/04, 17:36:04.285, 6197817620945, vstest.console.dll, TestPluginCache: Loggers are 'logger://Microsoft/TestPlatform/Extensions/Blame/v1,logger://Microsoft/TestPlatform/HtmlLogger/v1,logger://Microsoft/TestPlatform/TrxLogger/v1'.
TpTrace Verbose: 0 : 9232, 1, 2024/11/04, 17:36:04.285, 6197817621250, vstest.console.dll, TestPluginCache: TestHosts are 'HostProvider://DefaultTestHost,HostProvider://DotnetTestHost'.
TpTrace Verbose: 0 : 9232, 1, 2024/11/04, 17:36:04.285, 6197817621479, vstest.console.dll, TestPluginCache: DataCollectors are ''.
TpTrace Information: 0 : 9232, 1, 2024/11/04, 17:36:04.286, 6197817627089, vstest.console.dll, TestPluginManager.CreateTestExtension: Attempting to load test extension: Microsoft.TestPlatform.Extensions.BlameDataCollector.BlameLogger
TpTrace Verbose: 0 : 9232, 1, 2024/11/04, 17:36:04.299, 6197817763848, vstest.console.dll, TestEngine: Initializing Parallel Execution as MaxCpuCount is set to: 1
TpTrace Information: 0 : 9232, 1, 2024/11/04, 17:36:04.301, 6197817776935, vstest.console.dll, TestPluginManager.CreateTestExtension: Attempting to load test extension: Microsoft.VisualStudio.TestPlatform.CrossPlatEngine.Hosting.DefaultTestHostManager
TpTrace Information: 0 : 9232, 1, 2024/11/04, 17:36:04.305, 6197817819709, vstest.console.dll, TestPluginManager.CreateTestExtension: Attempting to load test extension: Microsoft.VisualStudio.TestPlatform.CrossPlatEngine.Hosting.DotnetTestHostManager
TpTrace Verbose: 0 : 9232, 1, 2024/11/04, 17:36:04.305, 6197817822513, vstest.console.dll, TestHostManagerCallbacks.ctor: Forwarding output is enabled.
TpTrace Information: 0 : 9232, 1, 2024/11/04, 17:36:04.306, 6197817826257, vstest.console.dll, InferRunSettingsHelper.IsTestSettingsEnabled: Unable to navigate to RunSettings/MSTest. Current node: RunSettings
TpTrace Verbose: 0 : 9232, 1, 2024/11/04, 17:36:04.307, 6197817837499, vstest.console.dll, ParallelOperationManager.ClearSlots: Clearing all slots. Slots should accept more work: True
TpTrace Verbose: 0 : 9232, 1, 2024/11/04, 17:36:04.307, 6197817843064, vstest.console.dll, ParallelOperationManager.SetOccupiedSlotCount: Setting slot counts AvailableSlotCount = 1, OccupiedSlotCount = 0.
TpTrace Verbose: 0 : 9232, 1, 2024/11/04, 17:36:04.308, 6197817845347, vstest.console.dll, Occupied slots:

TpTrace Verbose: 0 : 9232, 1, 2024/11/04, 17:36:04.310, 6197817868538, vstest.console.dll, TestEngine.GetExecutionManager: Chosen execution manager 'Microsoft.VisualStudio.TestPlatform.CrossPlatEngine.Client.Parallel.ParallelProxyExecutionManager, Microsoft.TestPlatform.CrossPlatEngine, Version=15.0.0.0, Culture=neutral, PublicKeyToken=b03f5f7f11d50a3a' ParallelLevel '1'.
TpTrace Verbose: 0 : 9232, 1, 2024/11/04, 17:36:04.310, 6197817869915, vstest.console.dll, TestPlatform.GetSkipDefaultAdapters: Not skipping default adapters SkipDefaultAdapters was false.
TpTrace Verbose: 0 : 9232, 1, 2024/11/04, 17:36:04.310, 6197817870591, vstest.console.dll, TestRunRequest.ExecuteAsync: Creating test run request.
TpTrace Verbose: 0 : 9232, 1, 2024/11/04, 17:36:04.310, 6197817872767, vstest.console.dll, TestRunRequest.ExecuteAsync: Starting.
TpTrace Information: 0 : 9232, 1, 2024/11/04, 17:36:04.312, 6197817887116, vstest.console.dll, TestRunRequest.ExecuteAsync: Starting run with settings:TestRunCriteria:
   KeepAlive=False,FrequencyOfRunStatsChangeEvent=10,RunStatsChangeEventTimeout=00:00:01.5000000,TestCaseFilter=,TestExecutorLauncher=
   Settingsxml=<RunSettings>
  <RunConfiguration>
    <ResultsDirectory>C:\Users\rohit.laishram.PYRAMIDINDIA\Documents\ApiProject\ReimbursementTrackingApplication\ReimbursementProjectTest\bin\Debug\net6.0\fine-code-coverage\coverage-tool-output</ResultsDirectory>
    <TargetPlatform>X64</TargetPlatform>
    <TargetFrameworkVersion>.NETCoreApp,Version=v6.0</TargetFrameworkVersion>
    <DesignMode>False</DesignMode>
    <CollectSourceInformation>False</CollectSourceInformation>
  </RunConfiguration>
  <LoggerRunSettings>
    <Loggers>
      <Logger friendlyName="blame" enabled="True" />
      <Logger friendlyName="Console" uri="logger://microsoft/TestPlatform/ConsoleLogger/v1" assemblyQualifiedName="Microsoft.VisualStudio.TestPlatform.CommandLine.Internal.ConsoleLogger, vstest.console, Version=15.0.0.0, Culture=neutral, PublicKeyToken=b03f5f7f11d50a3a" codeBase="C:\Program Files\dotnet\sdk\8.0.403\vstest.console.dll" enabled="True" />
    </Loggers>
  </LoggerRunSettings>
  <DataCollectionRunSettings>
    <DataCollectors>
      <DataCollector friendlyName="blame" enabled="True">
        <Configuration>
          <ResultsDirectory>C:\Users\rohit.laishram.PYRAMIDINDIA\Documents\ApiProject\ReimbursementTrackingApplication\ReimbursementProjectTest\bin\Debug\net6.0\fine-code-coverage\coverage-tool-output</ResultsDirectory>
        </Configuration>
      </DataCollector>
    </DataCollectors>
  </DataCollectionRunSettings>
</RunSettings>

TpTrace Verbose: 0 : 9232, 1, 2024/11/04, 17:36:04.312, 6197817888239, vstest.console.dll, TestRunRequest.ExecuteAsync: Wait for the first run request is over.
TpTrace Verbose: 0 : 9232, 1, 2024/11/04, 17:36:04.312, 6197817891295, vstest.console.dll, MulticastDelegateUtilities.SafeInvoke: TestRun.TestRunStart: Invoking callbacks was skipped because there are no subscribers.
TpTrace Verbose: 0 : 9232, 4, 2024/11/04, 17:36:04.312, 6197817892674, vstest.console.dll, MulticastDelegateUtilities.SafeInvoke: InternalTestLoggerEvents.SendTestRunStart: Invoking callback 1/1 for Microsoft.VisualStudio.TestPlatform.CommandLine.Internal.ConsoleLogger., took 0 ms.
TpTrace Verbose: 0 : 9232, 1, 2024/11/04, 17:36:04.313, 6197817901175, vstest.console.dll, ParallelProxyExecutionManager: Start execution. Total sources: 1
TpTrace Verbose: 0 : 9232, 1, 2024/11/04, 17:36:04.313, 6197817903676, vstest.console.dll, ParallelOperationManager.StartWork: Starting adding 1 workloads.
TpTrace Verbose: 0 : 9232, 1, 2024/11/04, 17:36:04.313, 6197817904196, vstest.console.dll, ParallelOperationManager.ClearSlots: Clearing all slots. Slots should accept more work: True
TpTrace Verbose: 0 : 9232, 1, 2024/11/04, 17:36:04.313, 6197817904689, vstest.console.dll, ParallelOperationManager.SetOccupiedSlotCount: Setting slot counts AvailableSlotCount = 1, OccupiedSlotCount = 0.
TpTrace Verbose: 0 : 9232, 1, 2024/11/04, 17:36:04.313, 6197817904985, vstest.console.dll, Occupied slots:

TpTrace Verbose: 0 : 9232, 1, 2024/11/04, 17:36:04.314, 6197817913375, vstest.console.dll, TestHostManagerCallbacks.ctor: Forwarding output is enabled.
TpTrace Verbose: 0 : 9232, 1, 2024/11/04, 17:36:04.314, 6197817915048, vstest.console.dll, TestRequestSender is acting as server.
TpTrace Verbose: 0 : 9232, 1, 2024/11/04, 17:36:04.316, 6197817929539, vstest.console.dll, ParallelOperationManager.RunWorkInParallel: Adding 1 workload to slot, remaining workloads 0.
TpTrace Verbose: 0 : 9232, 1, 2024/11/04, 17:36:04.316, 6197817930149, vstest.console.dll, ParallelOperationManager.SetOccupiedSlotCount: Setting slot counts AvailableSlotCount = 0, OccupiedSlotCount = 1.
TpTrace Verbose: 0 : 9232, 1, 2024/11/04, 17:36:04.316, 6197817930997, vstest.console.dll, Occupied slots:
0: C:\Users\rohit.laishram.PYRAMIDINDIA\Documents\ApiProject\ReimbursementTrackingApplication\ReimbursementProjectTest\bin\Debug\net6.0\fine-code-coverage\build-output\ReimbursementProjectTest.dll
TpTrace Verbose: 0 : 9232, 1, 2024/11/04, 17:36:04.317, 6197817938267, vstest.console.dll, ParallelOperationManager.RunWorkInParallel: Started host in slot number 0 for work (source): C:\Users\rohit.laishram.PYRAMIDINDIA\Documents\ApiProject\ReimbursementTrackingApplication\ReimbursementProjectTest\bin\Debug\net6.0\fine-code-coverage\build-output\ReimbursementProjectTest.dll.
TpTrace Verbose: 0 : 9232, 1, 2024/11/04, 17:36:04.318, 6197817950006, vstest.console.dll, ParallelOperationManager.RunWorkInParallel: We started 1 work items, which is the max parallel level. Won't start more work.
TpTrace Verbose: 0 : 9232, 1, 2024/11/04, 17:36:04.318, 6197817950547, vstest.console.dll, ParallelOperationManager.RunWorkInParallel: We started 1 work items in here, returning True.
TpTrace Information: 0 : 9232, 1, 2024/11/04, 17:36:04.318, 6197817951149, vstest.console.dll, TestRunRequest.ExecuteAsync: Started.
TpTrace Verbose: 0 : 9232, 5, 2024/11/04, 17:36:04.318, 6197817951986, vstest.console.dll, ParallelProxyExecutionManager.StartTestRunOnConcurrentManager: Initializing uninitialized client. Started clients: 0
TpTrace Verbose: 0 : 9232, 5, 2024/11/04, 17:36:04.318, 6197817953563, vstest.console.dll, DataCollectionRequestSender.InitializeCommunication : Initialize communication. 
TpTrace Verbose: 0 : 9232, 1, 2024/11/04, 17:36:04.318, 6197817954919, vstest.console.dll, TestRunRequest.WaitForCompletion: Waiting with timeout -1.
TpTrace Information: 0 : 9232, 5, 2024/11/04, 17:36:04.331, 6197818080624, vstest.console.dll, Listening on Endpoint : 127.0.0.1:64730
TpTrace Verbose: 0 : 9232, 5, 2024/11/04, 17:36:04.340, 6197818174717, vstest.console.dll, DotnetDataCollectionLauncher: Adding  --runtimeconfig "C:\Program Files\dotnet\sdk\8.0.403\datacollector.runtimeconfig.json" in args
TpTrace Verbose: 0 : 9232, 5, 2024/11/04, 17:36:04.341, 6197818175794, vstest.console.dll, DotnetDataCollectionLauncher: Adding  --depsfile "C:\Program Files\dotnet\sdk\8.0.403\datacollector.deps.json" in args
TpTrace Verbose: 0 : 9232, 5, 2024/11/04, 17:36:04.342, 6197818185328, vstest.console.dll, DotnetDataCollectionLauncher: Full path of dotnet.exe is C:\Program Files\dotnet\dotnet.exe
TpTrace Information: 0 : 9232, 5, 2024/11/04, 17:36:04.357, 6197818344500, vstest.console.dll, ProxyDataCollectionManager.Initialize: Launched datacollector processId: 23140 port: 64730
TpTrace Information: 0 : 9232, 5, 2024/11/04, 17:36:04.358, 6197818345974, vstest.console.dll, ProxyDataCollectionManager.Initialize: waiting for connection with timeout: 90 seconds
TpTrace Verbose: 0 : 9232, 5, 2024/11/04, 17:36:04.358, 6197818346442, vstest.console.dll, DataCollectionRequestSender.WaitForRequestHandlerConnection : Waiting for connection with timeout: 90000
TpTrace Information: 0 : 9232, 7, 2024/11/04, 17:36:04.596, 6197820731446, vstest.console.dll, Using the buffer size of 16384 bytes
TpTrace Verbose: 0 : 9232, 5, 2024/11/04, 17:36:04.596, 6197820731790, vstest.console.dll, SocketCommunicationManager.WaitForClientConnection took: 238 ms, with 90000 ms timeout, and finished with True.
TpTrace Information: 0 : 9232, 7, 2024/11/04, 17:36:04.596, 6197820733233, vstest.console.dll, Accepted Client request and set the flag
TpTrace Verbose: 0 : 9232, 5, 2024/11/04, 17:36:04.597, 6197820735496, vstest.console.dll, ProxyDataCollectionManager.InvokeDataCollectionServiceAction: Starting.
TpTrace Information: 0 : 9232, 5, 2024/11/04, 17:36:04.597, 6197820736304, vstest.console.dll, ProxyDataCollectionManager.BeforeTestRunStart: Get environment variable and port for datacollector processId: 23140 port: 64730
TpTrace Verbose: 0 : 9232, 5, 2024/11/04, 17:36:04.597, 6197820737746, vstest.console.dll, DataCollectionRequestSender.SendBeforeTestRunStartAndGetResult: Send BeforeTestRunStart message with settingsXml <RunSettings><RunConfiguration><ResultsDirectory>C:\Users\rohit.laishram.PYRAMIDINDIA\Documents\ApiProject\ReimbursementTrackingApplication\ReimbursementProjectTest\bin\Debug\net6.0\fine-code-coverage\coverage-tool-output</ResultsDirectory><TargetPlatform>X64</TargetPlatform><TargetFrameworkVersion>.NETCoreApp,Version=v6.0</TargetFrameworkVersion><DesignMode>False</DesignMode><CollectSourceInformation>False</CollectSourceInformation><TestAdaptersPaths>C:\Program Files\dotnet\sdk\8.0.403\Extensions</TestAdaptersPaths></RunConfiguration><LoggerRunSettings><Loggers><Logger friendlyName="blame" enabled="True" /><Logger friendlyName="Console" uri="logger://microsoft/TestPlatform/ConsoleLogger/v1" assemblyQualifiedName="Microsoft.VisualStudio.TestPlatform.CommandLine.Internal.ConsoleLogger, vstest.console, Version=15.0.0.0, Culture=neutral, PublicKeyToken=b03f5f7f11d50a3a" codeBase="C:\Program Files\dotnet\sdk\8.0.403\vstest.console.dll" enabled="True" /></Loggers></LoggerRunSettings><DataCollectionRunSettings><DataCollectors><DataCollector friendlyName="blame" enabled="True"><Configuration><ResultsDirectory>C:\Users\rohit.laishram.PYRAMIDINDIA\Documents\ApiProject\ReimbursementTrackingApplication\ReimbursementProjectTest\bin\Debug\net6.0\fine-code-coverage\coverage-tool-output</ResultsDirectory></Configuration></DataCollector></DataCollectors></DataCollectionRunSettings></RunSettings> and sources System.Collections.Generic.List`1[System.String]: 
TpTrace Verbose: 0 : 9232, 5, 2024/11/04, 17:36:04.678, 6197821546706, vstest.console.dll, DataCollectionRequestSender.SendBeforeTestRunStartAndGetResult: Received message: (DataCollection.SendMessage) -> {"MessageType":"DataCollection.SendMessage","Payload":{"FriendlyName":null,"Uri":null,"TestCaseId":"00000000-0000-0000-0000-000000000000","Message":"Logging DataCollector Diagnostics in file: C:\\Users\\rohit.laishram.PYRAMIDINDIA\\Documents\\ApiProject\\ReimbursementTrackingApplication\\ReimbursementProjectTest\\bin\\Debug\\net6.0\\fine-code-coverage\\coverage-tool-output\\diagnostics.datacollector.24-11-04_17-36-04_34078_5.log","Level":0}}
TpTrace Verbose: 0 : 9232, 5, 2024/11/04, 17:36:04.780, 6197822565095, vstest.console.dll, DataCollectionRequestSender.SendBeforeTestRunStartAndGetResult: Received message: (DataCollection.BeforeTestRunStartResult) -> {"MessageType":"DataCollection.BeforeTestRunStartResult","Payload":{"EnvironmentVariables":{},"DataCollectionEventsPort":64732}}
TpTrace Information: 0 : 9232, 5, 2024/11/04, 17:36:04.783, 6197822601243, vstest.console.dll, ProxyDataCollectionManager.BeforeTestRunStart: SendBeforeTestRunStartAndGetResult successful, env variable from datacollector:   and testhost port: 64732
TpTrace Information: 0 : 9232, 5, 2024/11/04, 17:36:04.783, 6197822602407, vstest.console.dll, ProxyDataCollectionManager.InvokeDataCollectionServiceAction: Completed.
TpTrace Verbose: 0 : 9232, 5, 2024/11/04, 17:36:04.783, 6197822602761, vstest.console.dll, ParallelProxyExecutionManager.StartTestRunOnConcurrentManager: Initializing test run. Started clients: 0
TpTrace Verbose: 0 : 9232, 5, 2024/11/04, 17:36:04.783, 6197822603396, vstest.console.dll, ProxyExecutionManager: Test host is always Lazy initialize.
TpTrace Verbose: 0 : 9232, 5, 2024/11/04, 17:36:04.783, 6197822604882, vstest.console.dll, TestRequestSender.InitializeCommunication: initialize communication. 
TpTrace Information: 0 : 9232, 5, 2024/11/04, 17:36:04.784, 6197822608237, vstest.console.dll, SocketServer.Start: Listening on endpoint : 127.0.0.1:64734
TpTrace Verbose: 0 : 9232, 5, 2024/11/04, 17:36:04.785, 6197822616233, vstest.console.dll, DotnetTestHostmanager.GetTestHostProcessStartInfo: Platform environment 'X64' target architecture 'X64' framework '.NETCoreApp,Version=v6.0' OS 'Windows'
TpTrace Verbose: 0 : 9232, 5, 2024/11/04, 17:36:04.785, 6197822618172, vstest.console.dll, DotnetTestHostmanager: Adding  --runtimeconfig "C:\Users\rohit.laishram.PYRAMIDINDIA\Documents\ApiProject\ReimbursementTrackingApplication\ReimbursementProjectTest\bin\Debug\net6.0\fine-code-coverage\build-output\ReimbursementProjectTest.runtimeconfig.json" in args
TpTrace Verbose: 0 : 9232, 5, 2024/11/04, 17:36:04.785, 6197822621047, vstest.console.dll, DotnetTestHostmanager: Adding  --depsfile "C:\Users\rohit.laishram.PYRAMIDINDIA\Documents\ApiProject\ReimbursementTrackingApplication\ReimbursementProjectTest\bin\Debug\net6.0\fine-code-coverage\build-output\ReimbursementProjectTest.deps.json" in args
TpTrace Verbose: 0 : 9232, 5, 2024/11/04, 17:36:04.785, 6197822623828, vstest.console.dll, DotnetTestHostmanager.IsWinOnArm: Current PROCESSOR_ARCHITECTURE from environment variable 'AMD64'
TpTrace Verbose: 0 : 9232, 5, 2024/11/04, 17:36:04.785, 6197822624430, vstest.console.dll, DotnetTestHostmanager.IsWinOnArm: Is Windows on ARM 'False'
TpTrace Verbose: 0 : 9232, 5, 2024/11/04, 17:36:04.786, 6197822625233, vstest.console.dll, DotnetTestHostManager: testhost.exe found at path: C:\Users\rohit.laishram.PYRAMIDINDIA\Documents\ApiProject\ReimbursementTrackingApplication\ReimbursementProjectTest\bin\Debug\net6.0\fine-code-coverage\build-output\testhost.exe
TpTrace Verbose: 0 : 9232, 5, 2024/11/04, 17:36:04.786, 6197822627465, vstest.console.dll, DotnetTestHostmanager: Full path of host exe is C:\Users\rohit.laishram.PYRAMIDINDIA\Documents\ApiProject\ReimbursementTrackingApplication\ReimbursementProjectTest\bin\Debug\net6.0\fine-code-coverage\build-output\testhost.exe
TpTrace Verbose: 0 : 9232, 5, 2024/11/04, 17:36:04.786, 6197822628434, vstest.console.dll, DotnetTestHostmanager.LaunchTestHostAsync: Found 'VSTEST_WINAPPHOST_DOTNET_ROOT' in env variables, value 'C:\Program Files\dotnet', forwarding to 'DOTNET_ROOT'
TpTrace Verbose: 0 : 9232, 5, 2024/11/04, 17:36:04.786, 6197822629376, vstest.console.dll, DotnetTestHostManager: Starting process 'C:\Users\rohit.laishram.PYRAMIDINDIA\Documents\ApiProject\ReimbursementTrackingApplication\ReimbursementProjectTest\bin\Debug\net6.0\fine-code-coverage\build-output\testhost.exe' with command line ' --runtimeconfig "C:\Users\rohit.laishram.PYRAMIDINDIA\Documents\ApiProject\ReimbursementTrackingApplication\ReimbursementProjectTest\bin\Debug\net6.0\fine-code-coverage\build-output\ReimbursementProjectTest.runtimeconfig.json" --depsfile "C:\Users\rohit.laishram.PYRAMIDINDIA\Documents\ApiProject\ReimbursementTrackingApplication\ReimbursementProjectTest\bin\Debug\net6.0\fine-code-coverage\build-output\ReimbursementProjectTest.deps.json" --port 64734 --endpoint 127.0.0.1:064734 --role client --parentprocessid 9232 --diag "C:\Users\rohit.laishram.PYRAMIDINDIA\Documents\ApiProject\ReimbursementTrackingApplication\ReimbursementProjectTest\bin\Debug\net6.0\fine-code-coverage\coverage-tool-output\diagnostics.host.24-11-04_17-36-04_78458_5.log" --tracelevel 4 --datacollectionport 64732 --telemetryoptedin false'
TpTrace Verbose: 0 : 9232, 5, 2024/11/04, 17:36:04.803, 6197822796527, vstest.console.dll, MulticastDelegateUtilities.SafeInvoke: HostProviderEvents.OnHostLaunched: Invoking callback 1/2 for Microsoft.VisualStudio.TestPlatform.CrossPlatEngine.Client.ProxyExecutionManagerWithDataCollection., took 1 ms.
TpTrace Verbose: 0 : 9232, 5, 2024/11/04, 17:36:04.803, 6197822803068, vstest.console.dll, Test Runtime launched
TpTrace Verbose: 0 : 9232, 5, 2024/11/04, 17:36:04.803, 6197822805020, vstest.console.dll, MulticastDelegateUtilities.SafeInvoke: HostProviderEvents.OnHostLaunched: Invoking callback 2/2 for Microsoft.VisualStudio.TestPlatform.CrossPlatEngine.Client.ProxyOperationManager., took 0 ms.
TpTrace Verbose: 0 : 9232, 5, 2024/11/04, 17:36:04.804, 6197822808931, vstest.console.dll, TestRequestSender.WaitForRequestHandlerConnection: waiting for connection with timeout: 90000.
TpTrace Verbose: 0 : 9232, 13, 2024/11/04, 17:36:05.078, 6197825549333, vstest.console.dll, MulticastDelegateUtilities.SafeInvoke: SocketServer: ClientConnected: Invoking callback 1/1 for Microsoft.VisualStudio.TestPlatform.CommunicationUtilities.TestRequestSender., took 0 ms.
TpTrace Verbose: 0 : 9232, 5, 2024/11/04, 17:36:05.078, 6197825549241, vstest.console.dll, TestRequestSender.WaitForRequestHandlerConnection: waiting took 274 ms, with timeout 90000 ms, and result 0, which is success.
TpTrace Verbose: 0 : 9232, 13, 2024/11/04, 17:36:05.078, 6197825551964, vstest.console.dll, SocketServer.OnClientConnected: Client connected for endPoint: 127.0.0.1:64734, starting MessageLoopAsync:
TpTrace Verbose: 0 : 9232, 13, 2024/11/04, 17:36:05.079, 6197825560780, vstest.console.dll, TcpClientExtensions.MessageLoopAsync: Polling on remoteEndPoint: 127.0.0.1:64735 localEndPoint: 127.0.0.1:64734 after 0 ms
TpTrace Verbose: 0 : 9232, 5, 2024/11/04, 17:36:05.079, 6197825563570, vstest.console.dll, TestRequestSender.CheckVersionWithTestHost: Sending check version message: {"MessageType":"ProtocolVersion","Payload":7}
TpTrace Verbose: 0 : 9232, 13, 2024/11/04, 17:36:05.228, 6197827053474, vstest.console.dll, TcpClientExtensions.MessageLoopAsync: NotifyDataAvailable remoteEndPoint: 127.0.0.1:64735 localEndPoint: 127.0.0.1:64734
TpTrace Verbose: 0 : 9232, 13, 2024/11/04, 17:36:05.229, 6197827059454, vstest.console.dll, TestRequestSender.CheckVersionWithTestHost: onMessageReceived received message: (ProtocolVersion) -> {"MessageType":"ProtocolVersion","Payload":7}
TpTrace Verbose: 0 : 9232, 13, 2024/11/04, 17:36:05.229, 6197827064259, vstest.console.dll, MulticastDelegateUtilities.SafeInvoke: LengthPrefixCommunicationChannel: MessageReceived: Invoking callback 1/1 for Microsoft.VisualStudio.TestPlatform.CommunicationUtilities.TestRequestSender+<>c__DisplayClass29_0., took 0 ms.
TpTrace Verbose: 0 : 9232, 13, 2024/11/04, 17:36:05.230, 6197827065164, vstest.console.dll, TcpClientExtensions.MessageLoopAsync: Polling on remoteEndPoint: 127.0.0.1:64735 localEndPoint: 127.0.0.1:64734 after 150 ms
TpTrace Verbose: 0 : 9232, 5, 2024/11/04, 17:36:05.230, 6197827066214, vstest.console.dll, TestPluginCache.GetExtensionPaths: Filtered extension paths: 
TpTrace Verbose: 0 : 9232, 5, 2024/11/04, 17:36:05.230, 6197827066629, vstest.console.dll, TestPluginCache.GetExtensionPaths: Added default extension paths: C:\Program Files\dotnet\sdk\8.0.403\Extensions\Microsoft.Diagnostics.NETCore.Client.dll
C:\Program Files\dotnet\sdk\8.0.403\Extensions\Microsoft.TestPlatform.Extensions.BlameDataCollector.dll
C:\Program Files\dotnet\sdk\8.0.403\Extensions\Microsoft.TestPlatform.Extensions.EventLogCollector.dll
C:\Program Files\dotnet\sdk\8.0.403\Extensions\Microsoft.TestPlatform.TestHostRuntimeProvider.dll
C:\Program Files\dotnet\sdk\8.0.403\Extensions\Microsoft.VisualStudio.TestPlatform.Extensions.Html.TestLogger.dll
C:\Program Files\dotnet\sdk\8.0.403\Extensions\Microsoft.VisualStudio.TestPlatform.Extensions.Trx.TestLogger.dll
TpTrace Verbose: 0 : 9232, 5, 2024/11/04, 17:36:05.230, 6197827067003, vstest.console.dll, TestPluginCache.GetExtensionPaths: Added unfilterableExtensionPaths: 
TpTrace Verbose: 0 : 9232, 5, 2024/11/04, 17:36:05.233, 6197827100028, vstest.console.dll, TestRequestSender.InitializeExecution: Sending initialize execution with message: {"Version":7,"MessageType":"TestExecution.Initialize","Payload":["C:\\Users\\rohit.laishram.PYRAMIDINDIA\\Documents\\ApiProject\\ReimbursementTrackingApplication\\ReimbursementProjectTest\\bin\\Debug\\net6.0\\fine-code-coverage\\build-output\\NUnit3.TestAdapter.dll"]}
TpTrace Verbose: 0 : 9232, 5, 2024/11/04, 17:36:05.233, 6197827102076, vstest.console.dll, ParallelProxyExecutionManager.StartTestRunOnConcurrentManager: Execution starting. Started clients: 1
TpTrace Verbose: 0 : 9232, 13, 2024/11/04, 17:36:05.233, 6197827103292, vstest.console.dll, TcpClientExtensions.MessageLoopAsync: NotifyDataAvailable remoteEndPoint: 127.0.0.1:64735 localEndPoint: 127.0.0.1:64734
TpTrace Verbose: 0 : 9232, 5, 2024/11/04, 17:36:05.233, 6197827103956, vstest.console.dll, TestRunRequest:SendTestRunMessage: Starting.
TpTrace Verbose: 0 : 9232, 5, 2024/11/04, 17:36:05.234, 6197827105268, vstest.console.dll, MulticastDelegateUtilities.SafeInvoke: TestRun.LogMessages: Invoking callback 1/1 for Microsoft.VisualStudio.TestPlatform.CommandLine.TestRunResultAggregator., took 0 ms.
TpTrace Information: 0 : 9232, 5, 2024/11/04, 17:36:05.234, 6197827105656, vstest.console.dll, TestRunRequest:SendTestRunMessage: Completed.
TpTrace Verbose: 0 : 9232, 4, 2024/11/04, 17:36:05.234, 6197827107336, vstest.console.dll, MulticastDelegateUtilities.SafeInvoke: InternalTestLoggerEvents.SendTestRunMessage: Invoking callback 1/1 for Microsoft.VisualStudio.TestPlatform.CommandLine.Internal.ConsoleLogger., took 0 ms.
TpTrace Warning: 0 : 9232, 5, 2024/11/04, 17:36:05.234, 6197827108495, vstest.console.dll, InferRunSettingsHelper.MakeRunsettingsCompatible: Removing the following settings: TargetPlatform from RunSettings file. To use those settings please move to latest version of Microsoft.NET.Test.Sdk
TpTrace Verbose: 0 : 9232, 13, 2024/11/04, 17:36:05.234, 6197827113765, vstest.console.dll, TestRequestSender.OnExecutionMessageReceived: Received message: {"Version":7,"MessageType":"TestSession.Message","Payload":{"MessageLevel":0,"Message":"Logging TestHost Diagnostics in file: C:\\Users\\rohit.laishram.PYRAMIDINDIA\\Documents\\ApiProject\\ReimbursementTrackingApplication\\ReimbursementProjectTest\\bin\\Debug\\net6.0\\fine-code-coverage\\coverage-tool-output\\diagnostics.host.24-11-04_17-36-04_78458_5.log"}}
TpTrace Verbose: 0 : 9232, 13, 2024/11/04, 17:36:05.238, 6197827150461, vstest.console.dll, TestRunRequest:SendTestRunMessage: Starting.
TpTrace Verbose: 0 : 9232, 13, 2024/11/04, 17:36:05.238, 6197827152937, vstest.console.dll, MulticastDelegateUtilities.SafeInvoke: TestRun.LogMessages: Invoking callback 1/1 for Microsoft.VisualStudio.TestPlatform.CommandLine.TestRunResultAggregator., took 0 ms.
TpTrace Information: 0 : 9232, 13, 2024/11/04, 17:36:05.238, 6197827153968, vstest.console.dll, TestRunRequest:SendTestRunMessage: Completed.
TpTrace Verbose: 0 : 9232, 13, 2024/11/04, 17:36:05.239, 6197827155487, vstest.console.dll, MulticastDelegateUtilities.SafeInvoke: LengthPrefixCommunicationChannel: MessageReceived: Invoking callback 1/1 for Microsoft.VisualStudio.TestPlatform.CommunicationUtilities.TestRequestSender+<>c__DisplayClass34_0., took 4 ms.
TpTrace Verbose: 0 : 9232, 13, 2024/11/04, 17:36:05.239, 6197827156269, vstest.console.dll, TcpClientExtensions.MessageLoopAsync: Polling on remoteEndPoint: 127.0.0.1:64735 localEndPoint: 127.0.0.1:64734 after 9 ms
TpTrace Verbose: 0 : 9232, 4, 2024/11/04, 17:36:05.238, 6197827153106, vstest.console.dll, MulticastDelegateUtilities.SafeInvoke: InternalTestLoggerEvents.SendTestRunMessage: Invoking callback 1/1 for Microsoft.VisualStudio.TestPlatform.CommandLine.Internal.ConsoleLogger., took 0 ms.
TpTrace Verbose: 0 : 9232, 5, 2024/11/04, 17:36:05.242, 6197827186013, vstest.console.dll, TestRequestSender.StartTestRun: Sending test run with message: {"Version":7,"MessageType":"TestExecution.StartWithSources","Payload":{"AdapterSourceMap":{"_none_":["C:\\Users\\rohit.laishram.PYRAMIDINDIA\\Documents\\ApiProject\\ReimbursementTrackingApplication\\ReimbursementProjectTest\\bin\\Debug\\net6.0\\fine-code-coverage\\build-output\\ReimbursementProjectTest.dll"]},"RunSettings":"<RunSettings>\r\n  <RunConfiguration>\r\n    <ResultsDirectory>C:\\Users\\rohit.laishram.PYRAMIDINDIA\\Documents\\ApiProject\\ReimbursementTrackingApplication\\ReimbursementProjectTest\\bin\\Debug\\net6.0\\fine-code-coverage\\coverage-tool-output</ResultsDirectory>\r\n    <TargetFrameworkVersion>.NETCoreApp,Version=v6.0</TargetFrameworkVersion>\r\n    <DesignMode>False</DesignMode>\r\n    <CollectSourceInformation>False</CollectSourceInformation>\r\n  </RunConfiguration>\r\n  <LoggerRunSettings>\r\n    <Loggers>\r\n      <Logger friendlyName=\"blame\" enabled=\"True\" />\r\n      <Logger friendlyName=\"Console\" uri=\"logger://microsoft/TestPlatform/ConsoleLogger/v1\" assemblyQualifiedName=\"Microsoft.VisualStudio.TestPlatform.CommandLine.Internal.ConsoleLogger, vstest.console, Version=15.0.0.0, Culture=neutral, PublicKeyToken=b03f5f7f11d50a3a\" codeBase=\"C:\\Program Files\\dotnet\\sdk\\8.0.403\\vstest.console.dll\" enabled=\"True\" />\r\n    </Loggers>\r\n  </LoggerRunSettings>\r\n  <DataCollectionRunSettings>\r\n    <DataCollectors>\r\n      <DataCollector friendlyName=\"blame\" enabled=\"True\">\r\n        <Configuration>\r\n          <ResultsDirectory>C:\\Users\\rohit.laishram.PYRAMIDINDIA\\Documents\\ApiProject\\ReimbursementTrackingApplication\\ReimbursementProjectTest\\bin\\Debug\\net6.0\\fine-code-coverage\\coverage-tool-output</ResultsDirectory>\r\n        </Configuration>\r\n      </DataCollector>\r\n    </DataCollectors>\r\n  </DataCollectionRunSettings>\r\n</RunSettings>","TestExecutionContext":{"FrequencyOfRunStatsChangeEvent":10,"RunStatsChangeEventTimeout":"00:00:01.5000000","InIsolation":false,"KeepAlive":false,"AreTestCaseLevelEventsRequired":false,"IsDebug":false,"TestCaseFilter":null,"FilterOptions":null},"Package":null}}
TpTrace Verbose: 0 : 9232, 5, 2024/11/04, 17:36:05.242, 6197827188430, vstest.console.dll, ParallelProxyExecutionManager.StartTestRunOnConcurrentManager: Execution started. Started clients: 1
TpTrace Verbose: 0 : 9232, 13, 2024/11/04, 17:36:05.448, 6197829246211, vstest.console.dll, TcpClientExtensions.MessageLoopAsync: NotifyDataAvailable remoteEndPoint: 127.0.0.1:64735 localEndPoint: 127.0.0.1:64734
TpTrace Verbose: 0 : 9232, 13, 2024/11/04, 17:36:05.448, 6197829248325, vstest.console.dll, TestRequestSender.OnExecutionMessageReceived: Received message: {"Version":7,"MessageType":"TestSession.Message","Payload":{"MessageLevel":0,"Message":"NUnit Adapter 4.4.0.0: Test execution started"}}
TpTrace Verbose: 0 : 9232, 13, 2024/11/04, 17:36:05.448, 6197829252787, vstest.console.dll, TestRunRequest:SendTestRunMessage: Starting.
TpTrace Verbose: 0 : 9232, 13, 2024/11/04, 17:36:05.448, 6197829253820, vstest.console.dll, MulticastDelegateUtilities.SafeInvoke: TestRun.LogMessages: Invoking callback 1/1 for Microsoft.VisualStudio.TestPlatform.CommandLine.TestRunResultAggregator., took 0 ms.
TpTrace Information: 0 : 9232, 13, 2024/11/04, 17:36:05.448, 6197829254146, vstest.console.dll, TestRunRequest:SendTestRunMessage: Completed.
TpTrace Verbose: 0 : 9232, 13, 2024/11/04, 17:36:05.448, 6197829254417, vstest.console.dll, MulticastDelegateUtilities.SafeInvoke: LengthPrefixCommunicationChannel: MessageReceived: Invoking callback 1/1 for Microsoft.VisualStudio.TestPlatform.CommunicationUtilities.TestRequestSender+<>c__DisplayClass34_0., took 0 ms.
TpTrace Verbose: 0 : 9232, 4, 2024/11/04, 17:36:05.448, 6197829254425, vstest.console.dll, MulticastDelegateUtilities.SafeInvoke: InternalTestLoggerEvents.SendTestRunMessage: Invoking callback 1/1 for Microsoft.VisualStudio.TestPlatform.CommandLine.Internal.ConsoleLogger., took 0 ms.
TpTrace Verbose: 0 : 9232, 13, 2024/11/04, 17:36:05.448, 6197829254766, vstest.console.dll, TcpClientExtensions.MessageLoopAsync: Polling on remoteEndPoint: 127.0.0.1:64735 localEndPoint: 127.0.0.1:64734 after 209 ms
TpTrace Verbose: 0 : 9232, 13, 2024/11/04, 17:36:05.474, 6197829508377, vstest.console.dll, TcpClientExtensions.MessageLoopAsync: NotifyDataAvailable remoteEndPoint: 127.0.0.1:64735 localEndPoint: 127.0.0.1:64734
TpTrace Verbose: 0 : 9232, 13, 2024/11/04, 17:36:05.474, 6197829511972, vstest.console.dll, TestRequestSender.OnExecutionMessageReceived: Received message: {"Version":7,"MessageType":"TestSession.Message","Payload":{"MessageLevel":0,"Message":"Running all tests in C:\\Users\\rohit.laishram.PYRAMIDINDIA\\Documents\\ApiProject\\ReimbursementTrackingApplication\\ReimbursementProjectTest\\bin\\Debug\\net6.0\\fine-code-coverage\\build-output\\ReimbursementProjectTest.dll"}}
TpTrace Verbose: 0 : 9232, 13, 2024/11/04, 17:36:05.474, 6197829513548, vstest.console.dll, TestRunRequest:SendTestRunMessage: Starting.
TpTrace Verbose: 0 : 9232, 13, 2024/11/04, 17:36:05.474, 6197829514154, vstest.console.dll, MulticastDelegateUtilities.SafeInvoke: TestRun.LogMessages: Invoking callback 1/1 for Microsoft.VisualStudio.TestPlatform.CommandLine.TestRunResultAggregator., took 0 ms.
TpTrace Information: 0 : 9232, 13, 2024/11/04, 17:36:05.474, 6197829514471, vstest.console.dll, TestRunRequest:SendTestRunMessage: Completed.
TpTrace Verbose: 0 : 9232, 13, 2024/11/04, 17:36:05.474, 6197829514761, vstest.console.dll, MulticastDelegateUtilities.SafeInvoke: LengthPrefixCommunicationChannel: MessageReceived: Invoking callback 1/1 for Microsoft.VisualStudio.TestPlatform.CommunicationUtilities.TestRequestSender+<>c__DisplayClass34_0., took 0 ms.
TpTrace Verbose: 0 : 9232, 13, 2024/11/04, 17:36:05.475, 6197829515081, vstest.console.dll, TcpClientExtensions.MessageLoopAsync: Polling on remoteEndPoint: 127.0.0.1:64735 localEndPoint: 127.0.0.1:64734 after 25 ms
TpTrace Verbose: 0 : 9232, 4, 2024/11/04, 17:36:05.475, 6197829515252, vstest.console.dll, MulticastDelegateUtilities.SafeInvoke: InternalTestLoggerEvents.SendTestRunMessage: Invoking callback 1/1 for Microsoft.VisualStudio.TestPlatform.CommandLine.Internal.ConsoleLogger., took 0 ms.
TpTrace Verbose: 0 : 9232, 13, 2024/11/04, 17:36:05.660, 6197831371182, vstest.console.dll, TcpClientExtensions.MessageLoopAsync: NotifyDataAvailable remoteEndPoint: 127.0.0.1:64735 localEndPoint: 127.0.0.1:64734
TpTrace Verbose: 0 : 9232, 13, 2024/11/04, 17:36:05.660, 6197831374090, vstest.console.dll, TestRequestSender.OnExecutionMessageReceived: Received message: {"Version":7,"MessageType":"TestSession.Message","Payload":{"MessageLevel":0,"Message":"   NUnit3TestExecutor discovered 23 of 23 NUnit test cases using Current Discovery mode, Non-Explicit run"}}
TpTrace Verbose: 0 : 9232, 13, 2024/11/04, 17:36:05.661, 6197831375902, vstest.console.dll, TestRunRequest:SendTestRunMessage: Starting.
TpTrace Verbose: 0 : 9232, 13, 2024/11/04, 17:36:05.661, 6197831376549, vstest.console.dll, MulticastDelegateUtilities.SafeInvoke: TestRun.LogMessages: Invoking callback 1/1 for Microsoft.VisualStudio.TestPlatform.CommandLine.TestRunResultAggregator., took 0 ms.
TpTrace Information: 0 : 9232, 13, 2024/11/04, 17:36:05.661, 6197831376853, vstest.console.dll, TestRunRequest:SendTestRunMessage: Completed.
TpTrace Verbose: 0 : 9232, 13, 2024/11/04, 17:36:05.661, 6197831377117, vstest.console.dll, MulticastDelegateUtilities.SafeInvoke: LengthPrefixCommunicationChannel: MessageReceived: Invoking callback 1/1 for Microsoft.VisualStudio.TestPlatform.CommunicationUtilities.TestRequestSender+<>c__DisplayClass34_0., took 0 ms.
TpTrace Verbose: 0 : 9232, 4, 2024/11/04, 17:36:05.661, 6197831377238, vstest.console.dll, MulticastDelegateUtilities.SafeInvoke: InternalTestLoggerEvents.SendTestRunMessage: Invoking callback 1/1 for Microsoft.VisualStudio.TestPlatform.CommandLine.Internal.ConsoleLogger., took 0 ms.
TpTrace Verbose: 0 : 9232, 13, 2024/11/04, 17:36:05.661, 6197831377418, vstest.console.dll, TcpClientExtensions.MessageLoopAsync: Polling on remoteEndPoint: 127.0.0.1:64735 localEndPoint: 127.0.0.1:64734 after 186 ms
TpTrace Verbose: 0 : 9232, 13, 2024/11/04, 17:36:06.625, 6197841017547, vstest.console.dll, TcpClientExtensions.MessageLoopAsync: NotifyDataAvailable remoteEndPoint: 127.0.0.1:64735 localEndPoint: 127.0.0.1:64734
TpTrace Verbose: 0 : 9232, 13, 2024/11/04, 17:36:06.626, 6197841027815, vstest.console.dll, TestRequestSender.OnExecutionMessageReceived: Received message: {"Version":7,"MessageType":"TestExecution.StatsChange","Payload":{"NewTestResults":[{"TestCase":{"Id":"8db305be-a091-6f86-f64e-632bc5865b7d","FullyQualifiedName":"ReimbursementProjectTest.Repositories.ReimbursementRequestRepositoryTest.AddRequest","DisplayName":"AddRequest","ExecutorUri":"executor://NUnit3TestExecutor","Source":"C:\\Users\\rohit.laishram.PYRAMIDINDIA\\Documents\\ApiProject\\ReimbursementTrackingApplication\\ReimbursementProjectTest\\bin\\Debug\\net6.0\\fine-code-coverage\\build-output\\ReimbursementProjectTest.dll","CodeFilePath":null,"LineNumber":0,"Properties":[{"Key":{"Id":"NUnit.Seed","Label":"Seed","Category":"","Description":"","Attributes":0,"ValueType":"System.String"},"Value":"1564487988"}]},"Attachments":[],"Outcome":1,"ErrorMessage":null,"ErrorStackTrace":null,"DisplayName":"AddRequest","Messages":[],"ComputerName":"5CD413DKPB","Duration":"00:00:00.7271000","StartTime":"2024-11-04T12:06:05.6803189+00:00","EndTime":"2024-11-04T12:06:06.4073807+00:00","Properties":[{"Key":{"Id":"NUnit.Seed","Label":"Seed","Category":"","Description":"","Attributes":0,"ValueType":"System.String"},"Value":"1564487988"}]},{"TestCase":{"Id":"90d36fa3-160b-4314-1db7-388e2d93e30b","FullyQualifiedName":"ReimbursementProjectTest.Repositories.ReimbursementRequestRepositoryTest.AddRequestException","DisplayName":"AddRequestException","ExecutorUri":"executor://NUnit3TestExecutor","Source":"C:\\Users\\rohit.laishram.PYRAMIDINDIA\\Documents\\ApiProject\\ReimbursementTrackingApplication\\ReimbursementProjectTest\\bin\\Debug\\net6.0\\fine-code-coverage\\build-output\\ReimbursementProjectTest.dll","CodeFilePath":null,"LineNumber":0,"Properties":[{"Key":{"Id":"NUnit.Seed","Label":"Seed","Category":"","Description":"","Attributes":0,"ValueType":"System.String"},"Value":"1220701900"}]},"Attachments":[],"Outcome":1,"ErrorMessage":null,"ErrorStackTrace":null,"DisplayName":"AddRequestException","Messages":[],"ComputerName":"5CD413DKPB","Duration":"00:00:00.0252540","StartTime":"2024-11-04T12:06:06.4082797+00:00","EndTime":"2024-11-04T12:06:06.4335336+00:00","Properties":[{"Key":{"Id":"NUnit.Seed","Label":"Seed","Category":"","Description":"","Attributes":0,"ValueType":"System.String"},"Value":"1220701900"}]},{"TestCase":{"Id":"0a2adbd0-239e-62fa-cbb6-dfb9dfb671f8","FullyQualifiedName":"ReimbursementProjectTest.Repositories.ReimbursementRequestRepositoryTest.DeleteRequest","DisplayName":"DeleteRequest","ExecutorUri":"executor://NUnit3TestExecutor","Source":"C:\\Users\\rohit.laishram.PYRAMIDINDIA\\Documents\\ApiProject\\ReimbursementTrackingApplication\\ReimbursementProjectTest\\bin\\Debug\\net6.0\\fine-code-coverage\\build-output\\ReimbursementProjectTest.dll","CodeFilePath":null,"LineNumber":0,"Properties":[{"Key":{"Id":"NUnit.Seed","Label":"Seed","Category":"","Description":"","Attributes":0,"ValueType":"System.String"},"Value":"1259769380"}]},"Attachments":[],"Outcome":1,"ErrorMessage":null,"ErrorStackTrace":null,"DisplayName":"DeleteRequest","Messages":[],"ComputerName":"5CD413DKPB","Duration":"00:00:00.1390100","StartTime":"2024-11-04T12:06:06.4335627+00:00","EndTime":"2024-11-04T12:06:06.5725721+00:00","Properties":[{"Key":{"Id":"NUnit.Seed","Label":"Seed","Category":"","Description":"","Attributes":0,"ValueType":"System.String"},"Value":"1259769380"}]},{"TestCase":{"Id":"379c695a-1e4b-158b-a9ab-867fd0629a7c","FullyQualifiedName":"ReimbursementProjectTest.Repositories.ReimbursementRequestRepositoryTest.DeleteRequestExceptions","DisplayName":"DeleteRequestExceptions","ExecutorUri":"executor://NUnit3TestExecutor","Source":"C:\\Users\\rohit.laishram.PYRAMIDINDIA\\Documents\\ApiProject\\ReimbursementTrackingApplication\\ReimbursementProjectTest\\bin\\Debug\\net6.0\\fine-code-coverage\\build-output\\ReimbursementProjectTest.dll","CodeFilePath":null,"LineNumber":0,"Properties":[{"Key":{"Id":"NUnit.Seed","Label":"Seed","Category":"","Description":"","Attributes":0,"ValueType":"System.String"},"Value":"1267259266"}]},"Attachments":[],"Outcome":1,"ErrorMessage":null,"ErrorStackTrace":null,"DisplayName":"DeleteRequestExceptions","Messages":[],"ComputerName":"5CD413DKPB","Duration":"00:00:00.0033390","StartTime":"2024-11-04T12:06:06.572602+00:00","EndTime":"2024-11-04T12:06:06.5759409+00:00","Properties":[{"Key":{"Id":"NUnit.Seed","Label":"Seed","Category":"","Description":"","Attributes":0,"ValueType":"System.String"},"Value":"1267259266"}]},{"TestCase":{"Id":"14191ec4-e65c-27c8-5abe-a332cf3b66e0","FullyQualifiedName":"ReimbursementProjectTest.Repositories.ReimbursementRequestRepositoryTest.GetAllRequest","DisplayName":"GetAllRequest","ExecutorUri":"executor://NUnit3TestExecutor","Source":"C:\\Users\\rohit.laishram.PYRAMIDINDIA\\Documents\\ApiProject\\ReimbursementTrackingApplication\\ReimbursementProjectTest\\bin\\Debug\\net6.0\\fine-code-coverage\\build-output\\ReimbursementProjectTest.dll","CodeFilePath":null,"LineNumber":0,"Properties":[{"Key":{"Id":"NUnit.Seed","Label":"Seed","Category":"","Description":"","Attributes":0,"ValueType":"System.String"},"Value":"1712630772"}]},"Attachments":[],"Outcome":1,"ErrorMessage":null,"ErrorStackTrace":null,"DisplayName":"GetAllRequest","Messages":[],"ComputerName":"5CD413DKPB","Duration":"00:00:00.0093380","StartTime":"2024-11-04T12:06:06.5759604+00:00","EndTime":"2024-11-04T12:06:06.585298+00:00","Properties":[{"Key":{"Id":"NUnit.Seed","Label":"Seed","Category":"","Description":"","Attributes":0,"ValueType":"System.String"},"Value":"1712630772"}]},{"TestCase":{"Id":"e8a926a4-068c-8d3d-0c9b-6bafba7f9167","FullyQualifiedName":"ReimbursementProjectTest.Repositories.ReimbursementRequestRepositoryTest.GetAllRequestException","DisplayName":"GetAllRequestException","ExecutorUri":"executor://NUnit3TestExecutor","Source":"C:\\Users\\rohit.laishram.PYRAMIDINDIA\\Documents\\ApiProject\\ReimbursementTrackingApplication\\ReimbursementProjectTest\\bin\\Debug\\net6.0\\fine-code-coverage\\build-output\\ReimbursementProjectTest.dll","CodeFilePath":null,"LineNumber":0,"Properties":[{"Key":{"Id":"NUnit.Seed","Label":"Seed","Category":"","Description":"","Attributes":0,"ValueType":"System.String"},"Value":"858407795"}]},"Attachments":[],"Outcome":1,"ErrorMessage":null,"ErrorStackTrace":null,"DisplayName":"GetAllRequestException","Messages":[],"ComputerName":"5CD413DKPB","Duration":"00:00:00.0074770","StartTime":"2024-11-04T12:06:06.5853266+00:00","EndTime":"2024-11-04T12:06:06.5928038+00:00","Properties":[{"Key":{"Id":"NUnit.Seed","Label":"Seed","Category":"","Description":"","Attributes":0,"ValueType":"System.String"},"Value":"858407795"}]},{"TestCase":{"Id":"c22f23f6-c7cf-20fd-23c1-612d7aa6f7fd","FullyQualifiedName":"ReimbursementProjectTest.Repositories.ReimbursementRequestRepositoryTest.GetRequest","DisplayName":"GetRequest","ExecutorUri":"executor://NUnit3TestExecutor","Source":"C:\\Users\\rohit.laishram.PYRAMIDINDIA\\Documents\\ApiProject\\ReimbursementTrackingApplication\\ReimbursementProjectTest\\bin\\Debug\\net6.0\\fine-code-coverage\\build-output\\ReimbursementProjectTest.dll","CodeFilePath":null,"LineNumber":0,"Properties":[{"Key":{"Id":"NUnit.Seed","Label":"Seed","Category":"","Description":"","Attributes":0,"ValueType":"System.String"},"Value":"1640795235"}]},"Attachments":[],"Outcome":1,"ErrorMessage":null,"ErrorStackTrace":null,"DisplayName":"GetRequest","Messages":[],"ComputerName":"5CD413DKPB","Duration":"00:00:00.0013170","StartTime":"2024-11-04T12:06:06.5928317+00:00","EndTime":"2024-11-04T12:06:06.5941481+00:00","Properties":[{"Key":{"Id":"NUnit.Seed","Label":"Seed","Category":"","Description":"","Attributes":0,"ValueType":"System.String"},"Value":"1640795235"}]},{"TestCase":{"Id":"05ddbd13-7f5f-cb6b-28f1-a12c5b5ae1c6","FullyQualifiedName":"ReimbursementProjectTest.Repositories.ReimbursementRequestRepositoryTest.GetRequestExceptions","DisplayName":"GetRequestExceptions","ExecutorUri":"executor://NUnit3TestExecutor","Source":"C:\\Users\\rohit.laishram.PYRAMIDINDIA\\Documents\\ApiProject\\ReimbursementTrackingApplication\\ReimbursementProjectTest\\bin\\Debug\\net6.0\\fine-code-coverage\\build-output\\ReimbursementProjectTest.dll","CodeFilePath":null,"LineNumber":0,"Properties":[{"Key":{"Id":"NUnit.Seed","Label":"Seed","Category":"","Description":"","Attributes":0,"ValueType":"System.String"},"Value":"793703311"}]},"Attachments":[],"Outcome":1,"ErrorMessage":null,"ErrorStackTrace":null,"DisplayName":"GetRequestExceptions","Messages":[],"ComputerName":"5CD413DKPB","Duration":"00:00:00.0008300","StartTime":"2024-11-04T12:06:06.5941675+00:00","EndTime":"2024-11-04T12:06:06.5949971+00:00","Properties":[{"Key":{"Id":"NUnit.Seed","Label":"Seed","Category":"","Description":"","Attributes":0,"ValueType":"System.String"},"Value":"793703311"}]},{"TestCase":{"Id":"4106cacd-74da-c624-ac71-dc443df81c03","FullyQualifiedName":"ReimbursementProjectTest.Repositories.ReimbursementRequestRepositoryTest.UpdateRequest","DisplayName":"UpdateRequest","ExecutorUri":"executor://NUnit3TestExecutor","Source":"C:\\Users\\rohit.laishram.PYRAMIDINDIA\\Documents\\ApiProject\\ReimbursementTrackingApplication\\ReimbursementProjectTest\\bin\\Debug\\net6.0\\fine-code-coverage\\build-output\\ReimbursementProjectTest.dll","CodeFilePath":null,"LineNumber":0,"Properties":[{"Key":{"Id":"NUnit.Seed","Label":"Seed","Category":"","Description":"","Attributes":0,"ValueType":"System.String"},"Value":"1812878165"}]},"Attachments":[],"Outcome":1,"ErrorMessage":null,"ErrorStackTrace":null,"DisplayName":"UpdateRequest","Messages":[],"ComputerName":"5CD413DKPB","Duration":"00:00:00.0073470","StartTime":"2024-11-04T12:06:06.5950082+00:00","EndTime":"2024-11-04T12:06:06.6023545+00:00","Properties":[{"Key":{"Id":"NUnit.Seed","Label":"Seed","Category":"","Description":"","Attributes":0,"ValueType":"System.String"},"Value":"1812878165"}]}],"TestRunStatistics":{"ExecutedTests":9,"Stats":{"Passed":9}},"ActiveTests":[{"Id":"648c854b-f3c5-b068-2146-7992633e3cc5","FullyQualifiedName":"ReimbursementProjectTest.Repositories.ReimbursementRequestRepositoryTest.UpdateRequestExceptionTest","DisplayName":"UpdateRequestExceptionTest","ExecutorUri":"executor://NUnit3TestExecutor","Source":"C:\\Users\\rohit.laishram.PYRAMIDINDIA\\Documents\\ApiProject\\ReimbursementTrackingApplication\\ReimbursementProjectTest\\bin\\Debug\\net6.0\\fine-code-coverage\\build-output\\ReimbursementProjectTest.dll","CodeFilePath":null,"LineNumber":0,"Properties":[{"Key":{"Id":"NUnit.Seed","Label":"Seed","Category":"","Description":"","Attributes":0,"ValueType":"System.String"},"Value":"710751908"}]}]}}
TpTrace Verbose: 0 : 9232, 13, 2024/11/04, 17:36:06.650, 6197841265467, vstest.console.dll, TestRunRequest:SendTestRunStatsChange: Starting.
TpTrace Verbose: 0 : 9232, 13, 2024/11/04, 17:36:06.650, 6197841266782, vstest.console.dll, InProgress is UpdateRequestExceptionTest
TpTrace Verbose: 0 : 9232, 13, 2024/11/04, 17:36:06.650, 6197841268702, vstest.console.dll, MulticastDelegateUtilities.SafeInvoke: TestRun.RunStatsChanged: Invoking callbacks was skipped because there are no subscribers.
TpTrace Information: 0 : 9232, 13, 2024/11/04, 17:36:06.650, 6197841269317, vstest.console.dll, TestRunRequest:SendTestRunStatsChange: Completed.
TpTrace Verbose: 0 : 9232, 13, 2024/11/04, 17:36:06.650, 6197841269679, vstest.console.dll, MulticastDelegateUtilities.SafeInvoke: LengthPrefixCommunicationChannel: MessageReceived: Invoking callback 1/1 for Microsoft.VisualStudio.TestPlatform.CommunicationUtilities.TestRequestSender+<>c__DisplayClass34_0., took 24 ms.
TpTrace Verbose: 0 : 9232, 13, 2024/11/04, 17:36:06.650, 6197841270226, vstest.console.dll, TcpClientExtensions.MessageLoopAsync: Polling on remoteEndPoint: 127.0.0.1:64735 localEndPoint: 127.0.0.1:64734 after 989 ms
TpTrace Verbose: 0 : 9232, 4, 2024/11/04, 17:36:06.652, 6197841291543, vstest.console.dll, MulticastDelegateUtilities.SafeInvoke: InternalTestLoggerEvents.SendTestResult: Invoking callback 1/1 for Microsoft.VisualStudio.TestPlatform.CommandLine.Internal.ConsoleLogger., took 2 ms.
TpTrace Verbose: 0 : 9232, 4, 2024/11/04, 17:36:06.653, 6197841295698, vstest.console.dll, MulticastDelegateUtilities.SafeInvoke: InternalTestLoggerEvents.SendTestResult: Invoking callback 1/1 for Microsoft.VisualStudio.TestPlatform.CommandLine.Internal.ConsoleLogger., took 0 ms.
TpTrace Verbose: 0 : 9232, 4, 2024/11/04, 17:36:06.653, 6197841296627, vstest.console.dll, MulticastDelegateUtilities.SafeInvoke: InternalTestLoggerEvents.SendTestResult: Invoking callback 1/1 for Microsoft.VisualStudio.TestPlatform.CommandLine.Internal.ConsoleLogger., took 0 ms.
TpTrace Verbose: 0 : 9232, 4, 2024/11/04, 17:36:06.653, 6197841296983, vstest.console.dll, MulticastDelegateUtilities.SafeInvoke: InternalTestLoggerEvents.SendTestResult: Invoking callback 1/1 for Microsoft.VisualStudio.TestPlatform.CommandLine.Internal.ConsoleLogger., took 0 ms.
TpTrace Verbose: 0 : 9232, 4, 2024/11/04, 17:36:06.653, 6197841297342, vstest.console.dll, MulticastDelegateUtilities.SafeInvoke: InternalTestLoggerEvents.SendTestResult: Invoking callback 1/1 for Microsoft.VisualStudio.TestPlatform.CommandLine.Internal.ConsoleLogger., took 0 ms.
TpTrace Verbose: 0 : 9232, 4, 2024/11/04, 17:36:06.653, 6197841297776, vstest.console.dll, MulticastDelegateUtilities.SafeInvoke: InternalTestLoggerEvents.SendTestResult: Invoking callback 1/1 for Microsoft.VisualStudio.TestPlatform.CommandLine.Internal.ConsoleLogger., took 0 ms.
TpTrace Verbose: 0 : 9232, 4, 2024/11/04, 17:36:06.653, 6197841298076, vstest.console.dll, MulticastDelegateUtilities.SafeInvoke: InternalTestLoggerEvents.SendTestResult: Invoking callback 1/1 for Microsoft.VisualStudio.TestPlatform.CommandLine.Internal.ConsoleLogger., took 0 ms.
TpTrace Verbose: 0 : 9232, 4, 2024/11/04, 17:36:06.653, 6197841298369, vstest.console.dll, MulticastDelegateUtilities.SafeInvoke: InternalTestLoggerEvents.SendTestResult: Invoking callback 1/1 for Microsoft.VisualStudio.TestPlatform.CommandLine.Internal.ConsoleLogger., took 0 ms.
TpTrace Verbose: 0 : 9232, 4, 2024/11/04, 17:36:06.653, 6197841298701, vstest.console.dll, MulticastDelegateUtilities.SafeInvoke: InternalTestLoggerEvents.SendTestResult: Invoking callback 1/1 for Microsoft.VisualStudio.TestPlatform.CommandLine.Internal.ConsoleLogger., took 0 ms.
TpTrace Verbose: 0 : 9232, 13, 2024/11/04, 17:36:06.670, 6197841467302, vstest.console.dll, TcpClientExtensions.MessageLoopAsync: NotifyDataAvailable remoteEndPoint: 127.0.0.1:64735 localEndPoint: 127.0.0.1:64734
TpTrace Verbose: 0 : 9232, 13, 2024/11/04, 17:36:06.670, 6197841473496, vstest.console.dll, TestRequestSender.OnExecutionMessageReceived: Received message: {"Version":7,"MessageType":"TestExecution.StatsChange","Payload":{"NewTestResults":[{"TestCase":{"Id":"648c854b-f3c5-b068-2146-7992633e3cc5","FullyQualifiedName":"ReimbursementProjectTest.Repositories.ReimbursementRequestRepositoryTest.UpdateRequestExceptionTest","DisplayName":"UpdateRequestExceptionTest","ExecutorUri":"executor://NUnit3TestExecutor","Source":"C:\\Users\\rohit.laishram.PYRAMIDINDIA\\Documents\\ApiProject\\ReimbursementTrackingApplication\\ReimbursementProjectTest\\bin\\Debug\\net6.0\\fine-code-coverage\\build-output\\ReimbursementProjectTest.dll","CodeFilePath":null,"LineNumber":0,"Properties":[{"Key":{"Id":"NUnit.Seed","Label":"Seed","Category":"","Description":"","Attributes":0,"ValueType":"System.String"},"Value":"710751908"}]},"Attachments":[],"Outcome":1,"ErrorMessage":null,"ErrorStackTrace":null,"DisplayName":"UpdateRequestExceptionTest","Messages":[],"ComputerName":"5CD413DKPB","Duration":"00:00:00.0013850","StartTime":"2024-11-04T12:06:06.6023744+00:00","EndTime":"2024-11-04T12:06:06.6037596+00:00","Properties":[{"Key":{"Id":"NUnit.Seed","Label":"Seed","Category":"","Description":"","Attributes":0,"ValueType":"System.String"},"Value":"710751908"}]},{"TestCase":{"Id":"bc8aa6e3-64f1-4e59-dcb5-a68be0e68eac","FullyQualifiedName":"ReimbursementProjectTest.Repositories.UserRepositoryTest.AddUser","DisplayName":"AddUser","ExecutorUri":"executor://NUnit3TestExecutor","Source":"C:\\Users\\rohit.laishram.PYRAMIDINDIA\\Documents\\ApiProject\\ReimbursementTrackingApplication\\ReimbursementProjectTest\\bin\\Debug\\net6.0\\fine-code-coverage\\build-output\\ReimbursementProjectTest.dll","CodeFilePath":null,"LineNumber":0,"Properties":[{"Key":{"Id":"NUnit.Seed","Label":"Seed","Category":"","Description":"","Attributes":0,"ValueType":"System.String"},"Value":"577644048"}]},"Attachments":[],"Outcome":1,"ErrorMessage":null,"ErrorStackTrace":null,"DisplayName":"AddUser","Messages":[],"ComputerName":"5CD413DKPB","Duration":"00:00:00.0309670","StartTime":"2024-11-04T12:06:06.6060988+00:00","EndTime":"2024-11-04T12:06:06.6370645+00:00","Properties":[{"Key":{"Id":"NUnit.Seed","Label":"Seed","Category":"","Description":"","Attributes":0,"ValueType":"System.String"},"Value":"577644048"}]},{"TestCase":{"Id":"87b0ffcb-d06e-a27d-7646-50ff9394d5a6","FullyQualifiedName":"ReimbursementProjectTest.Repositories.UserRepositoryTest.AddUserException","DisplayName":"AddUserException","ExecutorUri":"executor://NUnit3TestExecutor","Source":"C:\\Users\\rohit.laishram.PYRAMIDINDIA\\Documents\\ApiProject\\ReimbursementTrackingApplication\\ReimbursementProjectTest\\bin\\Debug\\net6.0\\fine-code-coverage\\build-output\\ReimbursementProjectTest.dll","CodeFilePath":null,"LineNumber":0,"Properties":[{"Key":{"Id":"NUnit.Seed","Label":"Seed","Category":"","Description":"","Attributes":0,"ValueType":"System.String"},"Value":"1959661750"}]},"Attachments":[],"Outcome":1,"ErrorMessage":null,"ErrorStackTrace":null,"DisplayName":"AddUserException","Messages":[],"ComputerName":"5CD413DKPB","Duration":"00:00:00.0017740","StartTime":"2024-11-04T12:06:06.6371024+00:00","EndTime":"2024-11-04T12:06:06.6388762+00:00","Properties":[{"Key":{"Id":"NUnit.Seed","Label":"Seed","Category":"","Description":"","Attributes":0,"ValueType":"System.String"},"Value":"1959661750"}]},{"TestCase":{"Id":"0b5ba764-7266-0a7b-7c0a-81f71e663248","FullyQualifiedName":"ReimbursementProjectTest.Repositories.UserRepositoryTest.DeleteUser","DisplayName":"DeleteUser","ExecutorUri":"executor://NUnit3TestExecutor","Source":"C:\\Users\\rohit.laishram.PYRAMIDINDIA\\Documents\\ApiProject\\ReimbursementTrackingApplication\\ReimbursementProjectTest\\bin\\Debug\\net6.0\\fine-code-coverage\\build-output\\ReimbursementProjectTest.dll","CodeFilePath":null,"LineNumber":0,"Properties":[{"Key":{"Id":"NUnit.Seed","Label":"Seed","Category":"","Description":"","Attributes":0,"ValueType":"System.String"},"Value":"1840652261"}]},"Attachments":[],"Outcome":1,"ErrorMessage":null,"ErrorStackTrace":null,"DisplayName":"DeleteUser","Messages":[],"ComputerName":"5CD413DKPB","Duration":"00:00:00.0098010","StartTime":"2024-11-04T12:06:06.6388994+00:00","EndTime":"2024-11-04T12:06:06.6486997+00:00","Properties":[{"Key":{"Id":"NUnit.Seed","Label":"Seed","Category":"","Description":"","Attributes":0,"ValueType":"System.String"},"Value":"1840652261"}]},{"TestCase":{"Id":"160813bc-73b4-29bb-a49a-e5004cf46e78","FullyQualifiedName":"ReimbursementProjectTest.Repositories.UserRepositoryTest.DeleteUserExceptions","DisplayName":"DeleteUserExceptions","ExecutorUri":"executor://NUnit3TestExecutor","Source":"C:\\Users\\rohit.laishram.PYRAMIDINDIA\\Documents\\ApiProject\\ReimbursementTrackingApplication\\ReimbursementProjectTest\\bin\\Debug\\net6.0\\fine-code-coverage\\build-output\\ReimbursementProjectTest.dll","CodeFilePath":null,"LineNumber":0,"Properties":[{"Key":{"Id":"NUnit.Seed","Label":"Seed","Category":"","Description":"","Attributes":0,"ValueType":"System.String"},"Value":"1696590436"}]},"Attachments":[],"Outcome":1,"ErrorMessage":null,"ErrorStackTrace":null,"DisplayName":"DeleteUserExceptions","Messages":[],"ComputerName":"5CD413DKPB","Duration":"00:00:00.0011430","StartTime":"2024-11-04T12:06:06.6487269+00:00","EndTime":"2024-11-04T12:06:06.6498694+00:00","Properties":[{"Key":{"Id":"NUnit.Seed","Label":"Seed","Category":"","Description":"","Attributes":0,"ValueType":"System.String"},"Value":"1696590436"}]},{"TestCase":{"Id":"456c6895-40c8-de3f-1bab-c4638864cc97","FullyQualifiedName":"ReimbursementProjectTest.Repositories.UserRepositoryTest.GetAllUsers","DisplayName":"GetAllUsers","ExecutorUri":"executor://NUnit3TestExecutor","Source":"C:\\Users\\rohit.laishram.PYRAMIDINDIA\\Documents\\ApiProject\\ReimbursementTrackingApplication\\ReimbursementProjectTest\\bin\\Debug\\net6.0\\fine-code-coverage\\build-output\\ReimbursementProjectTest.dll","CodeFilePath":null,"LineNumber":0,"Properties":[{"Key":{"Id":"NUnit.Seed","Label":"Seed","Category":"","Description":"","Attributes":0,"ValueType":"System.String"},"Value":"1086515783"}]},"Attachments":[],"Outcome":1,"ErrorMessage":null,"ErrorStackTrace":null,"DisplayName":"GetAllUsers","Messages":[],"ComputerName":"5CD413DKPB","Duration":"00:00:00.0048300","StartTime":"2024-11-04T12:06:06.6498881+00:00","EndTime":"2024-11-04T12:06:06.654718+00:00","Properties":[{"Key":{"Id":"NUnit.Seed","Label":"Seed","Category":"","Description":"","Attributes":0,"ValueType":"System.String"},"Value":"1086515783"}]},{"TestCase":{"Id":"acddfcca-3b21-4af0-1d86-8f50a50c9ac9","FullyQualifiedName":"ReimbursementProjectTest.Repositories.UserRepositoryTest.GetAllUsersException","DisplayName":"GetAllUsersException","ExecutorUri":"executor://NUnit3TestExecutor","Source":"C:\\Users\\rohit.laishram.PYRAMIDINDIA\\Documents\\ApiProject\\ReimbursementTrackingApplication\\ReimbursementProjectTest\\bin\\Debug\\net6.0\\fine-code-coverage\\build-output\\ReimbursementProjectTest.dll","CodeFilePath":null,"LineNumber":0,"Properties":[{"Key":{"Id":"NUnit.Seed","Label":"Seed","Category":"","Description":"","Attributes":0,"ValueType":"System.String"},"Value":"964791341"}]},"Attachments":[],"Outcome":1,"ErrorMessage":null,"ErrorStackTrace":null,"DisplayName":"GetAllUsersException","Messages":[],"ComputerName":"5CD413DKPB","Duration":"00:00:00.0009410","StartTime":"2024-11-04T12:06:06.6547359+00:00","EndTime":"2024-11-04T12:06:06.6556768+00:00","Properties":[{"Key":{"Id":"NUnit.Seed","Label":"Seed","Category":"","Description":"","Attributes":0,"ValueType":"System.String"},"Value":"964791341"}]},{"TestCase":{"Id":"a8050a08-c573-3a7e-7d77-45ee2d7cdecd","FullyQualifiedName":"ReimbursementProjectTest.Repositories.UserRepositoryTest.GetUser","DisplayName":"GetUser","ExecutorUri":"executor://NUnit3TestExecutor","Source":"C:\\Users\\rohit.laishram.PYRAMIDINDIA\\Documents\\ApiProject\\ReimbursementTrackingApplication\\ReimbursementProjectTest\\bin\\Debug\\net6.0\\fine-code-coverage\\build-output\\ReimbursementProjectTest.dll","CodeFilePath":null,"LineNumber":0,"Properties":[{"Key":{"Id":"NUnit.Seed","Label":"Seed","Category":"","Description":"","Attributes":0,"ValueType":"System.String"},"Value":"379601335"}]},"Attachments":[],"Outcome":1,"ErrorMessage":null,"ErrorStackTrace":null,"DisplayName":"GetUser","Messages":[],"ComputerName":"5CD413DKPB","Duration":"00:00:00.0008480","StartTime":"2024-11-04T12:06:06.6556905+00:00","EndTime":"2024-11-04T12:06:06.6565381+00:00","Properties":[{"Key":{"Id":"NUnit.Seed","Label":"Seed","Category":"","Description":"","Attributes":0,"ValueType":"System.String"},"Value":"379601335"}]},{"TestCase":{"Id":"1e910a7c-408d-2a33-4b92-a729c900d67c","FullyQualifiedName":"ReimbursementProjectTest.Repositories.UserRepositoryTest.GetUserExceptions","DisplayName":"GetUserExceptions","ExecutorUri":"executor://NUnit3TestExecutor","Source":"C:\\Users\\rohit.laishram.PYRAMIDINDIA\\Documents\\ApiProject\\ReimbursementTrackingApplication\\ReimbursementProjectTest\\bin\\Debug\\net6.0\\fine-code-coverage\\build-output\\ReimbursementProjectTest.dll","CodeFilePath":null,"LineNumber":0,"Properties":[{"Key":{"Id":"NUnit.Seed","Label":"Seed","Category":"","Description":"","Attributes":0,"ValueType":"System.String"},"Value":"1588589362"}]},"Attachments":[],"Outcome":1,"ErrorMessage":null,"ErrorStackTrace":null,"DisplayName":"GetUserExceptions","Messages":[],"ComputerName":"5CD413DKPB","Duration":"00:00:00.0012380","StartTime":"2024-11-04T12:06:06.6565548+00:00","EndTime":"2024-11-04T12:06:06.6577924+00:00","Properties":[{"Key":{"Id":"NUnit.Seed","Label":"Seed","Category":"","Description":"","Attributes":0,"ValueType":"System.String"},"Value":"1588589362"}]}],"TestRunStatistics":{"ExecutedTests":18,"Stats":{"Passed":18}},"ActiveTests":[{"Id":"685239a0-2a31-605b-2e96-5e4ec0a2da65","FullyQualifiedName":"ReimbursementProjectTest.Repositories.UserRepositoryTest.UpdateUser","DisplayName":"UpdateUser","ExecutorUri":"executor://NUnit3TestExecutor","Source":"C:\\Users\\rohit.laishram.PYRAMIDINDIA\\Documents\\ApiProject\\ReimbursementTrackingApplication\\ReimbursementProjectTest\\bin\\Debug\\net6.0\\fine-code-coverage\\build-output\\ReimbursementProjectTest.dll","CodeFilePath":null,"LineNumber":0,"Properties":[{"Key":{"Id":"NUnit.Seed","Label":"Seed","Category":"","Description":"","Attributes":0,"ValueType":"System.String"},"Value":"823036233"}]}]}}
TpTrace Verbose: 0 : 9232, 13, 2024/11/04, 17:36:06.672, 6197841491837, vstest.console.dll, TestRunRequest:SendTestRunStatsChange: Starting.
TpTrace Verbose: 0 : 9232, 13, 2024/11/04, 17:36:06.672, 6197841492731, vstest.console.dll, InProgress is UpdateUser
TpTrace Verbose: 0 : 9232, 13, 2024/11/04, 17:36:06.672, 6197841493490, vstest.console.dll, MulticastDelegateUtilities.SafeInvoke: TestRun.RunStatsChanged: Invoking callbacks was skipped because there are no subscribers.
TpTrace Information: 0 : 9232, 13, 2024/11/04, 17:36:06.672, 6197841493979, vstest.console.dll, TestRunRequest:SendTestRunStatsChange: Completed.
TpTrace Verbose: 0 : 9232, 13, 2024/11/04, 17:36:06.672, 6197841494334, vstest.console.dll, MulticastDelegateUtilities.SafeInvoke: LengthPrefixCommunicationChannel: MessageReceived: Invoking callback 1/1 for Microsoft.VisualStudio.TestPlatform.CommunicationUtilities.TestRequestSender+<>c__DisplayClass34_0., took 2 ms.
TpTrace Verbose: 0 : 9232, 4, 2024/11/04, 17:36:06.672, 6197841494289, vstest.console.dll, MulticastDelegateUtilities.SafeInvoke: InternalTestLoggerEvents.SendTestResult: Invoking callback 1/1 for Microsoft.VisualStudio.TestPlatform.CommandLine.Internal.ConsoleLogger., took 0 ms.
TpTrace Verbose: 0 : 9232, 13, 2024/11/04, 17:36:06.672, 6197841494712, vstest.console.dll, TcpClientExtensions.MessageLoopAsync: Polling on remoteEndPoint: 127.0.0.1:64735 localEndPoint: 127.0.0.1:64734 after 22 ms
TpTrace Verbose: 0 : 9232, 4, 2024/11/04, 17:36:06.673, 6197841495890, vstest.console.dll, MulticastDelegateUtilities.SafeInvoke: InternalTestLoggerEvents.SendTestResult: Invoking callback 1/1 for Microsoft.VisualStudio.TestPlatform.CommandLine.Internal.ConsoleLogger., took 0 ms.
TpTrace Verbose: 0 : 9232, 4, 2024/11/04, 17:36:06.673, 6197841496994, vstest.console.dll, MulticastDelegateUtilities.SafeInvoke: InternalTestLoggerEvents.SendTestResult: Invoking callback 1/1 for Microsoft.VisualStudio.TestPlatform.CommandLine.Internal.ConsoleLogger., took 0 ms.
TpTrace Verbose: 0 : 9232, 4, 2024/11/04, 17:36:06.673, 6197841497685, vstest.console.dll, MulticastDelegateUtilities.SafeInvoke: InternalTestLoggerEvents.SendTestResult: Invoking callback 1/1 for Microsoft.VisualStudio.TestPlatform.CommandLine.Internal.ConsoleLogger., took 0 ms.
TpTrace Verbose: 0 : 9232, 4, 2024/11/04, 17:36:06.673, 6197841498437, vstest.console.dll, MulticastDelegateUtilities.SafeInvoke: InternalTestLoggerEvents.SendTestResult: Invoking callback 1/1 for Microsoft.VisualStudio.TestPlatform.CommandLine.Internal.ConsoleLogger., took 0 ms.
TpTrace Verbose: 0 : 9232, 4, 2024/11/04, 17:36:06.673, 6197841499304, vstest.console.dll, MulticastDelegateUtilities.SafeInvoke: InternalTestLoggerEvents.SendTestResult: Invoking callback 1/1 for Microsoft.VisualStudio.TestPlatform.CommandLine.Internal.ConsoleLogger., took 0 ms.
TpTrace Verbose: 0 : 9232, 4, 2024/11/04, 17:36:06.673, 6197841500044, vstest.console.dll, MulticastDelegateUtilities.SafeInvoke: InternalTestLoggerEvents.SendTestResult: Invoking callback 1/1 for Microsoft.VisualStudio.TestPlatform.CommandLine.Internal.ConsoleLogger., took 0 ms.
TpTrace Verbose: 0 : 9232, 4, 2024/11/04, 17:36:06.674, 6197841513225, vstest.console.dll, MulticastDelegateUtilities.SafeInvoke: InternalTestLoggerEvents.SendTestResult: Invoking callback 1/1 for Microsoft.VisualStudio.TestPlatform.CommandLine.Internal.ConsoleLogger., took 1 ms.
TpTrace Verbose: 0 : 9232, 4, 2024/11/04, 17:36:06.674, 6197841515022, vstest.console.dll, MulticastDelegateUtilities.SafeInvoke: InternalTestLoggerEvents.SendTestResult: Invoking callback 1/1 for Microsoft.VisualStudio.TestPlatform.CommandLine.Internal.ConsoleLogger., took 0 ms.
TpTrace Verbose: 0 : 9232, 13, 2024/11/04, 17:36:06.728, 6197842046821, vstest.console.dll, TcpClientExtensions.MessageLoopAsync: NotifyDataAvailable remoteEndPoint: 127.0.0.1:64735 localEndPoint: 127.0.0.1:64734
TpTrace Verbose: 0 : 9232, 13, 2024/11/04, 17:36:06.728, 6197842048211, vstest.console.dll, TestRequestSender.OnExecutionMessageReceived: Received message: {"Version":7,"MessageType":"TestSession.Message","Payload":{"MessageLevel":0,"Message":"NUnit Adapter 4.4.0.0: Test execution complete"}}
TpTrace Verbose: 0 : 9232, 13, 2024/11/04, 17:36:06.728, 6197842049365, vstest.console.dll, TestRunRequest:SendTestRunMessage: Starting.
TpTrace Verbose: 0 : 9232, 13, 2024/11/04, 17:36:06.728, 6197842049873, vstest.console.dll, MulticastDelegateUtilities.SafeInvoke: TestRun.LogMessages: Invoking callback 1/1 for Microsoft.VisualStudio.TestPlatform.CommandLine.TestRunResultAggregator., took 0 ms.
TpTrace Information: 0 : 9232, 13, 2024/11/04, 17:36:06.728, 6197842050164, vstest.console.dll, TestRunRequest:SendTestRunMessage: Completed.
TpTrace Verbose: 0 : 9232, 13, 2024/11/04, 17:36:06.728, 6197842050487, vstest.console.dll, MulticastDelegateUtilities.SafeInvoke: LengthPrefixCommunicationChannel: MessageReceived: Invoking callback 1/1 for Microsoft.VisualStudio.TestPlatform.CommunicationUtilities.TestRequestSender+<>c__DisplayClass34_0., took 0 ms.
TpTrace Verbose: 0 : 9232, 13, 2024/11/04, 17:36:06.728, 6197842050766, vstest.console.dll, TcpClientExtensions.MessageLoopAsync: Polling on remoteEndPoint: 127.0.0.1:64735 localEndPoint: 127.0.0.1:64734 after 55 ms
TpTrace Verbose: 0 : 9232, 4, 2024/11/04, 17:36:06.728, 6197842051456, vstest.console.dll, MulticastDelegateUtilities.SafeInvoke: InternalTestLoggerEvents.SendTestRunMessage: Invoking callback 1/1 for Microsoft.VisualStudio.TestPlatform.CommandLine.Internal.ConsoleLogger., took 0 ms.
TpTrace Verbose: 0 : 9232, 13, 2024/11/04, 17:36:06.741, 6197842176768, vstest.console.dll, TcpClientExtensions.MessageLoopAsync: NotifyDataAvailable remoteEndPoint: 127.0.0.1:64735 localEndPoint: 127.0.0.1:64734
TpTrace Verbose: 0 : 9232, 13, 2024/11/04, 17:36:06.742, 6197842188771, vstest.console.dll, TestRequestSender.OnExecutionMessageReceived: Received message: {"Version":7,"MessageType":"TestExecution.Completed","Payload":{"TestRunCompleteArgs":{"TestRunStatistics":{"ExecutedTests":23,"Stats":{"Passed":23}},"IsCanceled":false,"IsAborted":false,"Error":null,"AttachmentSets":[],"InvokedDataCollectors":[],"ElapsedTimeInRunningTests":"00:00:01.3241182","Metrics":{},"DiscoveredExtensions":{"TestDiscoverers":["NUnit.VisualStudio.TestAdapter.NUnit3TestDiscoverer, NUnit3.TestAdapter, Version=4.4.0.0, Culture=neutral, PublicKeyToken=4cb40d35494691ac"],"TestExecutors":["executor://NUnit3TestExecutor"],"TestExecutors2":[],"TestSettingsProviders":[]}},"LastRunTests":{"NewTestResults":[{"TestCase":{"Id":"685239a0-2a31-605b-2e96-5e4ec0a2da65","FullyQualifiedName":"ReimbursementProjectTest.Repositories.UserRepositoryTest.UpdateUser","DisplayName":"UpdateUser","ExecutorUri":"executor://NUnit3TestExecutor","Source":"C:\\Users\\rohit.laishram.PYRAMIDINDIA\\Documents\\ApiProject\\ReimbursementTrackingApplication\\ReimbursementProjectTest\\bin\\Debug\\net6.0\\fine-code-coverage\\build-output\\ReimbursementProjectTest.dll","CodeFilePath":null,"LineNumber":0,"Properties":[{"Key":{"Id":"NUnit.Seed","Label":"Seed","Category":"","Description":"","Attributes":0,"ValueType":"System.String"},"Value":"823036233"}]},"Attachments":[],"Outcome":1,"ErrorMessage":null,"ErrorStackTrace":null,"DisplayName":"UpdateUser","Messages":[],"ComputerName":"5CD413DKPB","Duration":"00:00:00.0017610","StartTime":"2024-11-04T12:06:06.6578062+00:00","EndTime":"2024-11-04T12:06:06.6595668+00:00","Properties":[{"Key":{"Id":"NUnit.Seed","Label":"Seed","Category":"","Description":"","Attributes":0,"ValueType":"System.String"},"Value":"823036233"}]},{"TestCase":{"Id":"c2bd636e-c4e8-3a96-481b-9d27c2ad8b8b","FullyQualifiedName":"ReimbursementProjectTest.Repositories.UserRepositoryTest.UpdateUserExceptionTest","DisplayName":"UpdateUserExceptionTest","ExecutorUri":"executor://NUnit3TestExecutor","Source":"C:\\Users\\rohit.laishram.PYRAMIDINDIA\\Documents\\ApiProject\\ReimbursementTrackingApplication\\ReimbursementProjectTest\\bin\\Debug\\net6.0\\fine-code-coverage\\build-output\\ReimbursementProjectTest.dll","CodeFilePath":null,"LineNumber":0,"Properties":[{"Key":{"Id":"NUnit.Seed","Label":"Seed","Category":"","Description":"","Attributes":0,"ValueType":"System.String"},"Value":"2054131059"}]},"Attachments":[],"Outcome":1,"ErrorMessage":null,"ErrorStackTrace":null,"DisplayName":"UpdateUserExceptionTest","Messages":[],"ComputerName":"5CD413DKPB","Duration":"00:00:00.0009340","StartTime":"2024-11-04T12:06:06.6595832+00:00","EndTime":"2024-11-04T12:06:06.660517+00:00","Properties":[{"Key":{"Id":"NUnit.Seed","Label":"Seed","Category":"","Description":"","Attributes":0,"ValueType":"System.String"},"Value":"2054131059"}]},{"TestCase":{"Id":"1d420466-0758-a67e-d248-46994c14c9a8","FullyQualifiedName":"ReimbursementProjectTest.Services.UserServiceTest.RegisterTest(\"TestUser2\",\"TestPassword2\",\"laishramrohit15@gmail.com\",\"TestHashKey\",Admin)","DisplayName":"RegisterTest(\"TestUser2\",\"TestPassword2\",\"laishramrohit15@gmail.com\",\"TestHashKey\",Admin)","ExecutorUri":"executor://NUnit3TestExecutor","Source":"C:\\Users\\rohit.laishram.PYRAMIDINDIA\\Documents\\ApiProject\\ReimbursementTrackingApplication\\ReimbursementProjectTest\\bin\\Debug\\net6.0\\fine-code-coverage\\build-output\\ReimbursementProjectTest.dll","CodeFilePath":null,"LineNumber":0,"Properties":[{"Key":{"Id":"NUnit.Seed","Label":"Seed","Category":"","Description":"","Attributes":0,"ValueType":"System.String"},"Value":"1546901231"}]},"Attachments":[],"Outcome":1,"ErrorMessage":null,"ErrorStackTrace":null,"DisplayName":"RegisterTest(\"TestUser2\",\"TestPassword2\",\"laishramrohit15@gmail.com\",\"TestHashKey\",Admin)","Messages":[],"ComputerName":"5CD413DKPB","Duration":"00:00:00.0512920","StartTime":"2024-11-04T12:06:06.660691+00:00","EndTime":"2024-11-04T12:06:06.7119829+00:00","Properties":[{"Key":{"Id":"NUnit.Seed","Label":"Seed","Category":"","Description":"","Attributes":0,"ValueType":"System.String"},"Value":"1546901231"}]},{"TestCase":{"Id":"5e26cbc5-a399-f76d-3126-656f70b50699","FullyQualifiedName":"ReimbursementProjectTest.Services.UserServiceTest.RegisterTestException(\"TestUser2\",\"null\",\"TestHashKey\",\"laishramrohit15@gmail.com\",Admin)","DisplayName":"RegisterTestException(\"TestUser2\",\"null\",\"TestHashKey\",\"laishramrohit15@gmail.com\",Admin)","ExecutorUri":"executor://NUnit3TestExecutor","Source":"C:\\Users\\rohit.laishram.PYRAMIDINDIA\\Documents\\ApiProject\\ReimbursementTrackingApplication\\ReimbursementProjectTest\\bin\\Debug\\net6.0\\fine-code-coverage\\build-output\\ReimbursementProjectTest.dll","CodeFilePath":null,"LineNumber":0,"Properties":[{"Key":{"Id":"NUnit.Seed","Label":"Seed","Category":"","Description":"","Attributes":0,"ValueType":"System.String"},"Value":"1075274335"}]},"Attachments":[],"Outcome":1,"ErrorMessage":null,"ErrorStackTrace":null,"DisplayName":"RegisterTestException(\"TestUser2\",\"null\",\"TestHashKey\",\"laishramrohit15@gmail.com\",Admin)","Messages":[],"ComputerName":"5CD413DKPB","Duration":"00:00:00.0036370","StartTime":"2024-11-04T12:06:06.7120465+00:00","EndTime":"2024-11-04T12:06:06.7156829+00:00","Properties":[{"Key":{"Id":"NUnit.Seed","Label":"Seed","Category":"","Description":"","Attributes":0,"ValueType":"System.String"},"Value":"1075274335"}]},{"TestCase":{"Id":"757ca83b-4588-11a7-6c2e-6cf6e2b87943","FullyQualifiedName":"ReimbursementProjectTest.Services.UserServiceTest.TestAuthenticate(\"TestUser2\",\"TestPassword\",\"laishramrohit15@gmail.com\",\"TestHashKey\",Admin)","DisplayName":"TestAuthenticate(\"TestUser2\",\"TestPassword\",\"laishramrohit15@gmail.com\",\"TestHashKey\",Admin)","ExecutorUri":"executor://NUnit3TestExecutor","Source":"C:\\Users\\rohit.laishram.PYRAMIDINDIA\\Documents\\ApiProject\\ReimbursementTrackingApplication\\ReimbursementProjectTest\\bin\\Debug\\net6.0\\fine-code-coverage\\build-output\\ReimbursementProjectTest.dll","CodeFilePath":null,"LineNumber":0,"Properties":[{"Key":{"Id":"NUnit.Seed","Label":"Seed","Category":"","Description":"","Attributes":0,"ValueType":"System.String"},"Value":"822135129"}]},"Attachments":[],"Outcome":1,"ErrorMessage":null,"ErrorStackTrace":null,"DisplayName":"TestAuthenticate(\"TestUser2\",\"TestPassword\",\"laishramrohit15@gmail.com\",\"TestHashKey\",Admin)","Messages":[],"ComputerName":"5CD413DKPB","Duration":"00:00:00.0067540","StartTime":"2024-11-04T12:06:06.7157292+00:00","EndTime":"2024-11-04T12:06:06.7224824+00:00","Properties":[{"Key":{"Id":"NUnit.Seed","Label":"Seed","Category":"","Description":"","Attributes":0,"ValueType":"System.String"},"Value":"822135129"}]}],"TestRunStatistics":{"ExecutedTests":23,"Stats":{"Passed":23}},"ActiveTests":[]},"RunAttachments":[],"ExecutorUris":["executor://nunit3testexecutor/"]}}
TpTrace Verbose: 0 : 9232, 13, 2024/11/04, 17:36:06.742, 6197842191346, vstest.console.dll, TestRequestSender.EndSession: Sending end session.
TpTrace Verbose: 0 : 9232, 13, 2024/11/04, 17:36:06.742, 6197842193039, vstest.console.dll, ProxyOperationManager.Close: waiting for test host to exit for 100 ms
TpTrace Warning: 0 : 9232, 7, 2024/11/04, 17:36:06.753, 6197842302854, vstest.console.dll, TestHostManagerCallbacks.ErrorReceivedCallback Test host standard error line: 
TpTrace Verbose: 0 : 9232, 12, 2024/11/04, 17:36:06.753, 6197842302854, vstest.console.dll, TestHostManagerCallbacks.StandardOutputReceivedCallback Test host standard output line: 
TpTrace Verbose: 0 : 9232, 7, 2024/11/04, 17:36:06.763, 6197842400062, vstest.console.dll, TestHostProvider.ExitCallBack: Host exited starting callback.
TpTrace Information: 0 : 9232, 7, 2024/11/04, 17:36:06.763, 6197842401414, vstest.console.dll, TestHostManagerCallbacks.ExitCallBack: Testhost processId: 28000 exited with exitcode: 0 error: ''
TpTrace Verbose: 0 : 9232, 7, 2024/11/04, 17:36:06.763, 6197842401750, vstest.console.dll, DotnetTestHostManager.OnHostExited: invoking OnHostExited callback
TpTrace Verbose: 0 : 9232, 7, 2024/11/04, 17:36:06.763, 6197842402211, vstest.console.dll, CrossPlatEngine.TestHostManagerHostExited: calling on client process exit callback.
TpTrace Information: 0 : 9232, 7, 2024/11/04, 17:36:06.763, 6197842402662, vstest.console.dll, TestRequestSender.OnClientProcessExit: Test host process exited. Standard error: 
TpTrace Information: 0 : 9232, 7, 2024/11/04, 17:36:06.763, 6197842403017, vstest.console.dll, SocketServer.Stop: Stop server endPoint: 127.0.0.1:64734
TpTrace Information: 0 : 9232, 7, 2024/11/04, 17:36:06.763, 6197842403258, vstest.console.dll, SocketServer.Stop: Cancellation requested. Stopping message loop.
TpTrace Information: 0 : 9232, 13, 2024/11/04, 17:36:06.763, 6197842403277, vstest.console.dll, SocketServer.Stop: Stop server endPoint: 127.0.0.1:64734
TpTrace Information: 0 : 9232, 13, 2024/11/04, 17:36:06.763, 6197842404063, vstest.console.dll, SocketServer.Stop: Cancellation requested. Stopping message loop.
TpTrace Verbose: 0 : 9232, 7, 2024/11/04, 17:36:06.763, 6197842404060, vstest.console.dll, MulticastDelegateUtilities.SafeInvoke: HostProviderEvents.OnHostExited: Invoking callback 1/1 for Microsoft.VisualStudio.TestPlatform.CrossPlatEngine.Client.ProxyOperationManager., took 0 ms.
TpTrace Information: 0 : 9232, 13, 2024/11/04, 17:36:06.763, 6197842404460, vstest.console.dll, Closing the connection
TpTrace Verbose: 0 : 9232, 13, 2024/11/04, 17:36:06.764, 6197842406338, vstest.console.dll, ProxyDataCollectionManager.InvokeDataCollectionServiceAction: Starting.
TpTrace Information: 0 : 9232, 13, 2024/11/04, 17:36:06.764, 6197842406714, vstest.console.dll, ProxyDataCollectionManager.AfterTestRunEnd: Get attachment set and invoked data collectors processId: 23140 port: 64730
TpTrace Verbose: 0 : 9232, 13, 2024/11/04, 17:36:06.764, 6197842407125, vstest.console.dll, DataCollectionRequestSender.SendAfterTestRunStartAndGetResult: Send AfterTestRunEnd message with isCancelled: False
TpTrace Verbose: 0 : 9232, 13, 2024/11/04, 17:36:06.768, 6197842450690, vstest.console.dll, DataCollectionRequestSender.SendAfterTestRunStartAndGetResult: Received message: (DataCollection.AfterTestRunEndResult) -> {"MessageType":"DataCollection.AfterTestRunEndResult","Payload":{"AttachmentSets":[],"InvokedDataCollectors":[{"Uri":"datacollector://Microsoft/TestPlatform/Extensions/Blame/v1","FriendlyName":"Blame","AssemblyQualifiedName":"Microsoft.TestPlatform.Extensions.BlameDataCollector.BlameCollector, Microsoft.TestPlatform.Extensions.BlameDataCollector, Version=15.0.0.0, Culture=neutral, PublicKeyToken=b03f5f7f11d50a3a","FilePath":"C:\\Program Files\\dotnet\\sdk\\8.0.403\\Extensions\\Microsoft.TestPlatform.Extensions.BlameDataCollector.dll","HasAttachmentProcessor":false}],"Metrics":{}}}
TpTrace Information: 0 : 9232, 13, 2024/11/04, 17:36:06.772, 6197842488407, vstest.console.dll, ProxyDataCollectionManager.InvokeDataCollectionServiceAction: Completed.
TpTrace Warning: 0 : 9232, 10, 2024/11/04, 17:36:06.772, 6197842491374, vstest.console.dll, DataCollectionLauncher.ErrorReceivedCallback datacollector standard error line: 
TpTrace Information: 0 : 9232, 10, 2024/11/04, 17:36:06.778, 6197842552739, vstest.console.dll, DataCollectionLauncher.ExitCallBack: Data collector exited with exitcode: 0 error: ''
TpTrace Verbose: 0 : 9232, 13, 2024/11/04, 17:36:06.795, 6197842721030, vstest.console.dll, TestRunRequest:SendTestRunStatsChange: Starting.
TpTrace Verbose: 0 : 9232, 13, 2024/11/04, 17:36:06.795, 6197842722300, vstest.console.dll, MulticastDelegateUtilities.SafeInvoke: TestRun.RunStatsChanged: Invoking callbacks was skipped because there are no subscribers.
TpTrace Information: 0 : 9232, 13, 2024/11/04, 17:36:06.795, 6197842722622, vstest.console.dll, TestRunRequest:SendTestRunStatsChange: Completed.
TpTrace Verbose: 0 : 9232, 4, 2024/11/04, 17:36:06.795, 6197842723059, vstest.console.dll, MulticastDelegateUtilities.SafeInvoke: InternalTestLoggerEvents.SendTestResult: Invoking callback 1/1 for Microsoft.VisualStudio.TestPlatform.CommandLine.Internal.ConsoleLogger., took 0 ms.
TpTrace Verbose: 0 : 9232, 4, 2024/11/04, 17:36:06.795, 6197842723786, vstest.console.dll, MulticastDelegateUtilities.SafeInvoke: InternalTestLoggerEvents.SendTestResult: Invoking callback 1/1 for Microsoft.VisualStudio.TestPlatform.CommandLine.Internal.ConsoleLogger., took 0 ms.
TpTrace Verbose: 0 : 9232, 4, 2024/11/04, 17:36:06.795, 6197842724151, vstest.console.dll, MulticastDelegateUtilities.SafeInvoke: InternalTestLoggerEvents.SendTestResult: Invoking callback 1/1 for Microsoft.VisualStudio.TestPlatform.CommandLine.Internal.ConsoleLogger., took 0 ms.
TpTrace Verbose: 0 : 9232, 13, 2024/11/04, 17:36:06.795, 6197842724395, vstest.console.dll, ParallelProxyExecutionManager: HandlePartialRunComplete: Total workloads = 1, Total started clients = 1 Total completed clients = 1, Run complete = True, Run canceled: False.
TpTrace Verbose: 0 : 9232, 4, 2024/11/04, 17:36:06.795, 6197842724447, vstest.console.dll, MulticastDelegateUtilities.SafeInvoke: InternalTestLoggerEvents.SendTestResult: Invoking callback 1/1 for Microsoft.VisualStudio.TestPlatform.CommandLine.Internal.ConsoleLogger., took 0 ms.
TpTrace Verbose: 0 : 9232, 13, 2024/11/04, 17:36:06.795, 6197842724820, vstest.console.dll, ParallelProxyExecutionManager: HandlePartialRunComplete: All runs completed stopping all managers.
TpTrace Verbose: 0 : 9232, 4, 2024/11/04, 17:36:06.796, 6197842725289, vstest.console.dll, MulticastDelegateUtilities.SafeInvoke: InternalTestLoggerEvents.SendTestResult: Invoking callback 1/1 for Microsoft.VisualStudio.TestPlatform.CommandLine.Internal.ConsoleLogger., took 0 ms.
TpTrace Verbose: 0 : 9232, 13, 2024/11/04, 17:36:06.796, 6197842725756, vstest.console.dll, ParallelOperationManager.StopAllManagers: Stopping all managers.
TpTrace Verbose: 0 : 9232, 13, 2024/11/04, 17:36:06.796, 6197842726091, vstest.console.dll, ParallelOperationManager.ClearSlots: Clearing all slots. Slots should accept more work: False
TpTrace Verbose: 0 : 9232, 13, 2024/11/04, 17:36:06.796, 6197842726469, vstest.console.dll, ParallelOperationManager.SetOccupiedSlotCount: Setting slot counts AvailableSlotCount = 1, OccupiedSlotCount = 0.
TpTrace Verbose: 0 : 9232, 13, 2024/11/04, 17:36:06.796, 6197842726845, vstest.console.dll, Occupied slots:

TpTrace Verbose: 0 : 9232, 4, 2024/11/04, 17:36:06.800, 6197842770876, vstest.console.dll, MulticastDelegateUtilities.SafeInvoke: InternalTestLoggerEvents.SendTestRunComplete: Invoking callback 1/2 for Microsoft.TestPlatform.Extensions.BlameDataCollector.BlameLogger., took 0 ms.
TpTrace Verbose: 0 : 9232, 4, 2024/11/04, 17:36:06.803, 6197842803570, vstest.console.dll, MulticastDelegateUtilities.SafeInvoke: InternalTestLoggerEvents.SendTestRunComplete: Invoking callback 2/2 for Microsoft.VisualStudio.TestPlatform.CommandLine.Internal.ConsoleLogger., took 3 ms.
TpTrace Verbose: 0 : 9232, 13, 2024/11/04, 17:36:06.804, 6197842805317, vstest.console.dll, TestRunRequest:TestRunComplete: Starting. IsAborted:False IsCanceled:False.
TpTrace Verbose: 0 : 9232, 13, 2024/11/04, 17:36:06.804, 6197842806542, vstest.console.dll, ParallelOperationManager.DoActionOnAllManagers: Calling an action on all managers.
TpTrace Verbose: 0 : 9232, 13, 2024/11/04, 17:36:06.804, 6197842811972, vstest.console.dll, TestLoggerManager.HandleTestRunComplete: Ignoring as the object is disposed.
TpTrace Verbose: 0 : 9232, 13, 2024/11/04, 17:36:06.804, 6197842813293, vstest.console.dll, MulticastDelegateUtilities.SafeInvoke: TestRun.TestRunComplete: Invoking callback 1/2 for Microsoft.VisualStudio.TestPlatform.CommandLine.TestRunResultAggregator., took 0 ms.
TpTrace Verbose: 0 : 9232, 13, 2024/11/04, 17:36:06.804, 6197842814050, vstest.console.dll, MulticastDelegateUtilities.SafeInvoke: TestRun.TestRunComplete: Invoking callback 2/2 for Microsoft.VisualStudio.TestPlatform.CommandLine.Processors.RunTestsArgumentExecutor+TestRunRequestEventsRegistrar., took 0 ms.
TpTrace Information: 0 : 9232, 13, 2024/11/04, 17:36:06.804, 6197842814718, vstest.console.dll, TestRunRequest:TestRunComplete: Completed.
TpTrace Verbose: 0 : 9232, 13, 2024/11/04, 17:36:06.805, 6197842815098, vstest.console.dll, TestRequestSender.SetOperationComplete: Setting operation complete.
TpTrace Verbose: 0 : 9232, 1, 2024/11/04, 17:36:06.805, 6197842815241, vstest.console.dll, TestRunRequest.Dispose: Starting.
TpTrace Information: 0 : 9232, 13, 2024/11/04, 17:36:06.805, 6197842815375, vstest.console.dll, SocketServer.Stop: Stop server endPoint: 127.0.0.1:64734
TpTrace Information: 0 : 9232, 1, 2024/11/04, 17:36:06.805, 6197842816038, vstest.console.dll, TestRunRequest.Dispose: Completed.
TpTrace Information: 0 : 9232, 13, 2024/11/04, 17:36:06.805, 6197842816352, vstest.console.dll, SocketServer.Stop: Cancellation requested. Stopping message loop.
TpTrace Information: 0 : 9232, 1, 2024/11/04, 17:36:06.805, 6197842816840, vstest.console.dll, TestRequestManager.RunTests: run tests completed.
TpTrace Verbose: 0 : 9232, 13, 2024/11/04, 17:36:06.805, 6197842817092, vstest.console.dll, MulticastDelegateUtilities.SafeInvoke: LengthPrefixCommunicationChannel: MessageReceived: Invoking callback 1/1 for Microsoft.VisualStudio.TestPlatform.CommunicationUtilities.TestRequestSender+<>c__DisplayClass34_0., took 62 ms.
TpTrace Information: 0 : 9232, 1, 2024/11/04, 17:36:06.805, 6197842817545, vstest.console.dll, RunTestsArgumentProcessor:Execute: Test run is completed.
TpTrace Information: 0 : 9232, 13, 2024/11/04, 17:36:06.805, 6197842817616, vstest.console.dll, SocketServer.PrivateStop: Stopping server endPoint: 127.0.0.1:64734 error: 
TpTrace Verbose: 0 : 9232, 1, 2024/11/04, 17:36:06.805, 6197842819174, vstest.console.dll, Executor.Execute: Exiting with exit code of 0
TpTrace Verbose: 0 : 9232, 13, 2024/11/04, 17:36:06.805, 6197842820922, vstest.console.dll, LengthPrefixCommunicationChannel.Dispose: Dispose reader and writer.
TpTrace Information: 0 : 9232, 13, 2024/11/04, 17:36:06.805, 6197842821528, vstest.console.dll, SocketServer.Stop: Raise disconnected event endPoint: 127.0.0.1:64734 error: 
TpTrace Verbose: 0 : 9232, 13, 2024/11/04, 17:36:06.805, 6197842822113, vstest.console.dll, TestRequestSender: OnTestRunAbort: Operation is already complete. Skip error message.
TpTrace Verbose: 0 : 9232, 13, 2024/11/04, 17:36:06.805, 6197842822410, vstest.console.dll, MulticastDelegateUtilities.SafeInvoke: SocketServer: ClientDisconnected: Invoking callback 1/1 for Microsoft.VisualStudio.TestPlatform.CommunicationUtilities.TestRequestSender., took 0 ms.
TpTrace Verbose: 0 : 9232, 13, 2024/11/04, 17:36:06.805, 6197842822666, vstest.console.dll, TcpClientExtensions.MessageLoopAsync: exiting MessageLoopAsync remoteEndPoint: 127.0.0.1:64735 localEndPoint: 127.0.0.1:64734
